{
    "/home/louiss/main/web-projects/libraries/cnfs/src/classMapChangers.ts": {
        "path": "/home/louiss/main/web-projects/libraries/cnfs/src/classMapChangers.ts",
        "all": false,
        "statementMap": {
            "0": {
                "start": {
                    "line": 1,
                    "column": 0
                },
                "end": {
                    "line": 1,
                    "column": 0
                }
            },
            "1": {
                "start": {
                    "line": 2,
                    "column": 0
                },
                "end": {
                    "line": 2,
                    "column": 72
                }
            },
            "2": {
                "start": {
                    "line": 3,
                    "column": 0
                },
                "end": {
                    "line": 3,
                    "column": 0
                }
            },
            "3": {
                "start": {
                    "line": 4,
                    "column": 0
                },
                "end": {
                    "line": 4,
                    "column": 45
                }
            },
            "4": {
                "start": {
                    "line": 5,
                    "column": 0
                },
                "end": {
                    "line": 5,
                    "column": 87
                }
            },
            "5": {
                "start": {
                    "line": 6,
                    "column": 0
                },
                "end": {
                    "line": 6,
                    "column": 0
                }
            },
            "6": {
                "start": {
                    "line": 7,
                    "column": 0
                },
                "end": {
                    "line": 7,
                    "column": 124
                }
            },
            "7": {
                "start": {
                    "line": 8,
                    "column": 0
                },
                "end": {
                    "line": 8,
                    "column": 0
                }
            },
            "8": {
                "start": {
                    "line": 9,
                    "column": 0
                },
                "end": {
                    "line": 9,
                    "column": 0
                }
            },
            "9": {
                "start": {
                    "line": 10,
                    "column": 0
                },
                "end": {
                    "line": 10,
                    "column": 37
                }
            },
            "10": {
                "start": {
                    "line": 11,
                    "column": 0
                },
                "end": {
                    "line": 11,
                    "column": 146
                }
            },
            "11": {
                "start": {
                    "line": 12,
                    "column": 0
                },
                "end": {
                    "line": 12,
                    "column": 0
                }
            },
            "12": {
                "start": {
                    "line": 13,
                    "column": 0
                },
                "end": {
                    "line": 13,
                    "column": 0
                }
            },
            "13": {
                "start": {
                    "line": 14,
                    "column": 0
                },
                "end": {
                    "line": 14,
                    "column": 61
                }
            },
            "14": {
                "start": {
                    "line": 15,
                    "column": 0
                },
                "end": {
                    "line": 15,
                    "column": 0
                }
            },
            "15": {
                "start": {
                    "line": 16,
                    "column": 0
                },
                "end": {
                    "line": 16,
                    "column": 85
                }
            },
            "16": {
                "start": {
                    "line": 17,
                    "column": 0
                },
                "end": {
                    "line": 17,
                    "column": 0
                }
            },
            "17": {
                "start": {
                    "line": 18,
                    "column": 0
                },
                "end": {
                    "line": 18,
                    "column": 0
                }
            },
            "18": {
                "start": {
                    "line": 19,
                    "column": 0
                },
                "end": {
                    "line": 19,
                    "column": 62
                }
            },
            "19": {
                "start": {
                    "line": 20,
                    "column": 0
                },
                "end": {
                    "line": 20,
                    "column": 0
                }
            },
            "20": {
                "start": {
                    "line": 21,
                    "column": 0
                },
                "end": {
                    "line": 21,
                    "column": 54
                }
            },
            "21": {
                "start": {
                    "line": 22,
                    "column": 0
                },
                "end": {
                    "line": 22,
                    "column": 0
                }
            },
            "22": {
                "start": {
                    "line": 23,
                    "column": 0
                },
                "end": {
                    "line": 23,
                    "column": 113
                }
            },
            "23": {
                "start": {
                    "line": 24,
                    "column": 0
                },
                "end": {
                    "line": 24,
                    "column": 0
                }
            },
            "24": {
                "start": {
                    "line": 25,
                    "column": 0
                },
                "end": {
                    "line": 25,
                    "column": 119
                }
            },
            "25": {
                "start": {
                    "line": 26,
                    "column": 0
                },
                "end": {
                    "line": 26,
                    "column": 0
                }
            },
            "26": {
                "start": {
                    "line": 27,
                    "column": 0
                },
                "end": {
                    "line": 27,
                    "column": 67
                }
            },
            "27": {
                "start": {
                    "line": 28,
                    "column": 0
                },
                "end": {
                    "line": 28,
                    "column": 0
                }
            },
            "28": {
                "start": {
                    "line": 29,
                    "column": 0
                },
                "end": {
                    "line": 29,
                    "column": 55
                }
            },
            "29": {
                "start": {
                    "line": 30,
                    "column": 0
                },
                "end": {
                    "line": 30,
                    "column": 27
                }
            },
            "30": {
                "start": {
                    "line": 31,
                    "column": 0
                },
                "end": {
                    "line": 31,
                    "column": 38
                }
            },
            "31": {
                "start": {
                    "line": 32,
                    "column": 0
                },
                "end": {
                    "line": 32,
                    "column": 0
                }
            },
            "32": {
                "start": {
                    "line": 33,
                    "column": 0
                },
                "end": {
                    "line": 33,
                    "column": 0
                }
            },
            "33": {
                "start": {
                    "line": 34,
                    "column": 0
                },
                "end": {
                    "line": 34,
                    "column": 96
                }
            },
            "34": {
                "start": {
                    "line": 35,
                    "column": 0
                },
                "end": {
                    "line": 35,
                    "column": 0
                }
            },
            "35": {
                "start": {
                    "line": 36,
                    "column": 0
                },
                "end": {
                    "line": 36,
                    "column": 67
                }
            },
            "36": {
                "start": {
                    "line": 37,
                    "column": 0
                },
                "end": {
                    "line": 37,
                    "column": 72
                }
            },
            "37": {
                "start": {
                    "line": 38,
                    "column": 0
                },
                "end": {
                    "line": 38,
                    "column": 0
                }
            },
            "38": {
                "start": {
                    "line": 39,
                    "column": 0
                },
                "end": {
                    "line": 39,
                    "column": 61
                }
            },
            "39": {
                "start": {
                    "line": 40,
                    "column": 0
                },
                "end": {
                    "line": 40,
                    "column": 0
                }
            },
            "40": {
                "start": {
                    "line": 41,
                    "column": 0
                },
                "end": {
                    "line": 41,
                    "column": 54
                }
            },
            "41": {
                "start": {
                    "line": 42,
                    "column": 0
                },
                "end": {
                    "line": 42,
                    "column": 0
                }
            },
            "42": {
                "start": {
                    "line": 43,
                    "column": 0
                },
                "end": {
                    "line": 43,
                    "column": 0
                }
            },
            "43": {
                "start": {
                    "line": 44,
                    "column": 0
                },
                "end": {
                    "line": 44,
                    "column": 104
                }
            },
            "44": {
                "start": {
                    "line": 45,
                    "column": 0
                },
                "end": {
                    "line": 45,
                    "column": 0
                }
            },
            "45": {
                "start": {
                    "line": 46,
                    "column": 0
                },
                "end": {
                    "line": 46,
                    "column": 0
                }
            },
            "46": {
                "start": {
                    "line": 47,
                    "column": 0
                },
                "end": {
                    "line": 47,
                    "column": 86
                }
            },
            "47": {
                "start": {
                    "line": 48,
                    "column": 0
                },
                "end": {
                    "line": 48,
                    "column": 0
                }
            },
            "48": {
                "start": {
                    "line": 49,
                    "column": 0
                },
                "end": {
                    "line": 49,
                    "column": 71
                }
            },
            "49": {
                "start": {
                    "line": 50,
                    "column": 0
                },
                "end": {
                    "line": 50,
                    "column": 0
                }
            },
            "50": {
                "start": {
                    "line": 51,
                    "column": 0
                },
                "end": {
                    "line": 51,
                    "column": 85
                }
            },
            "51": {
                "start": {
                    "line": 52,
                    "column": 0
                },
                "end": {
                    "line": 52,
                    "column": 0
                }
            },
            "52": {
                "start": {
                    "line": 53,
                    "column": 0
                },
                "end": {
                    "line": 53,
                    "column": 0
                }
            },
            "53": {
                "start": {
                    "line": 54,
                    "column": 0
                },
                "end": {
                    "line": 54,
                    "column": 0
                }
            },
            "54": {
                "start": {
                    "line": 55,
                    "column": 0
                },
                "end": {
                    "line": 55,
                    "column": 108
                }
            },
            "55": {
                "start": {
                    "line": 56,
                    "column": 0
                },
                "end": {
                    "line": 56,
                    "column": 0
                }
            },
            "56": {
                "start": {
                    "line": 57,
                    "column": 0
                },
                "end": {
                    "line": 57,
                    "column": 69
                }
            },
            "57": {
                "start": {
                    "line": 58,
                    "column": 0
                },
                "end": {
                    "line": 58,
                    "column": 0
                }
            },
            "58": {
                "start": {
                    "line": 59,
                    "column": 0
                },
                "end": {
                    "line": 59,
                    "column": 80
                }
            },
            "59": {
                "start": {
                    "line": 60,
                    "column": 0
                },
                "end": {
                    "line": 60,
                    "column": 0
                }
            },
            "60": {
                "start": {
                    "line": 61,
                    "column": 0
                },
                "end": {
                    "line": 61,
                    "column": 0
                }
            },
            "61": {
                "start": {
                    "line": 62,
                    "column": 0
                },
                "end": {
                    "line": 62,
                    "column": 65
                }
            },
            "62": {
                "start": {
                    "line": 63,
                    "column": 0
                },
                "end": {
                    "line": 63,
                    "column": 0
                }
            },
            "63": {
                "start": {
                    "line": 64,
                    "column": 0
                },
                "end": {
                    "line": 64,
                    "column": 0
                }
            },
            "64": {
                "start": {
                    "line": 65,
                    "column": 0
                },
                "end": {
                    "line": 65,
                    "column": 67
                }
            },
            "65": {
                "start": {
                    "line": 66,
                    "column": 0
                },
                "end": {
                    "line": 66,
                    "column": 0
                }
            },
            "66": {
                "start": {
                    "line": 67,
                    "column": 0
                },
                "end": {
                    "line": 67,
                    "column": 0
                }
            },
            "67": {
                "start": {
                    "line": 68,
                    "column": 0
                },
                "end": {
                    "line": 68,
                    "column": 28
                }
            },
            "68": {
                "start": {
                    "line": 69,
                    "column": 0
                },
                "end": {
                    "line": 69,
                    "column": 0
                }
            },
            "69": {
                "start": {
                    "line": 70,
                    "column": 0
                },
                "end": {
                    "line": 70,
                    "column": 104
                }
            },
            "70": {
                "start": {
                    "line": 71,
                    "column": 0
                },
                "end": {
                    "line": 71,
                    "column": 0
                }
            },
            "71": {
                "start": {
                    "line": 72,
                    "column": 0
                },
                "end": {
                    "line": 72,
                    "column": 129
                }
            },
            "72": {
                "start": {
                    "line": 73,
                    "column": 0
                },
                "end": {
                    "line": 73,
                    "column": 0
                }
            },
            "73": {
                "start": {
                    "line": 74,
                    "column": 0
                },
                "end": {
                    "line": 74,
                    "column": 112
                }
            },
            "74": {
                "start": {
                    "line": 75,
                    "column": 0
                },
                "end": {
                    "line": 75,
                    "column": 0
                }
            },
            "75": {
                "start": {
                    "line": 76,
                    "column": 0
                },
                "end": {
                    "line": 76,
                    "column": 124
                }
            },
            "76": {
                "start": {
                    "line": 77,
                    "column": 0
                },
                "end": {
                    "line": 77,
                    "column": 0
                }
            },
            "77": {
                "start": {
                    "line": 78,
                    "column": 0
                },
                "end": {
                    "line": 78,
                    "column": 50
                }
            },
            "78": {
                "start": {
                    "line": 79,
                    "column": 0
                },
                "end": {
                    "line": 79,
                    "column": 0
                }
            },
            "79": {
                "start": {
                    "line": 80,
                    "column": 0
                },
                "end": {
                    "line": 80,
                    "column": 0
                }
            },
            "80": {
                "start": {
                    "line": 81,
                    "column": 0
                },
                "end": {
                    "line": 81,
                    "column": 0
                }
            },
            "81": {
                "start": {
                    "line": 82,
                    "column": 0
                },
                "end": {
                    "line": 82,
                    "column": 1
                }
            },
            "82": {
                "start": {
                    "line": 83,
                    "column": 0
                },
                "end": {
                    "line": 83,
                    "column": 0
                }
            },
            "83": {
                "start": {
                    "line": 84,
                    "column": 0
                },
                "end": {
                    "line": 84,
                    "column": 0
                }
            },
            "84": {
                "start": {
                    "line": 85,
                    "column": 0
                },
                "end": {
                    "line": 85,
                    "column": 0
                }
            },
            "85": {
                "start": {
                    "line": 86,
                    "column": 0
                },
                "end": {
                    "line": 86,
                    "column": 57
                }
            },
            "86": {
                "start": {
                    "line": 87,
                    "column": 0
                },
                "end": {
                    "line": 87,
                    "column": 102
                }
            },
            "87": {
                "start": {
                    "line": 88,
                    "column": 0
                },
                "end": {
                    "line": 88,
                    "column": 0
                }
            },
            "88": {
                "start": {
                    "line": 89,
                    "column": 0
                },
                "end": {
                    "line": 89,
                    "column": 58
                }
            },
            "89": {
                "start": {
                    "line": 90,
                    "column": 0
                },
                "end": {
                    "line": 90,
                    "column": 103
                }
            },
            "90": {
                "start": {
                    "line": 91,
                    "column": 0
                },
                "end": {
                    "line": 91,
                    "column": 0
                }
            },
            "91": {
                "start": {
                    "line": 92,
                    "column": 0
                },
                "end": {
                    "line": 92,
                    "column": 58
                }
            },
            "92": {
                "start": {
                    "line": 93,
                    "column": 0
                },
                "end": {
                    "line": 93,
                    "column": 103
                }
            },
            "93": {
                "start": {
                    "line": 94,
                    "column": 0
                },
                "end": {
                    "line": 94,
                    "column": 0
                }
            },
            "94": {
                "start": {
                    "line": 95,
                    "column": 0
                },
                "end": {
                    "line": 95,
                    "column": 0
                }
            },
            "95": {
                "start": {
                    "line": 96,
                    "column": 0
                },
                "end": {
                    "line": 96,
                    "column": 142
                }
            },
            "96": {
                "start": {
                    "line": 97,
                    "column": 0
                },
                "end": {
                    "line": 97,
                    "column": 127
                }
            },
            "97": {
                "start": {
                    "line": 98,
                    "column": 0
                },
                "end": {
                    "line": 98,
                    "column": 0
                }
            },
            "98": {
                "start": {
                    "line": 99,
                    "column": 0
                },
                "end": {
                    "line": 99,
                    "column": 0
                }
            },
            "99": {
                "start": {
                    "line": 100,
                    "column": 0
                },
                "end": {
                    "line": 100,
                    "column": 71
                }
            },
            "100": {
                "start": {
                    "line": 101,
                    "column": 0
                },
                "end": {
                    "line": 101,
                    "column": 90
                }
            },
            "101": {
                "start": {
                    "line": 102,
                    "column": 0
                },
                "end": {
                    "line": 102,
                    "column": 0
                }
            },
            "102": {
                "start": {
                    "line": 103,
                    "column": 0
                },
                "end": {
                    "line": 103,
                    "column": 0
                }
            },
            "103": {
                "start": {
                    "line": 104,
                    "column": 0
                },
                "end": {
                    "line": 104,
                    "column": 0
                }
            },
            "104": {
                "start": {
                    "line": 105,
                    "column": 0
                },
                "end": {
                    "line": 105,
                    "column": 105
                }
            },
            "105": {
                "start": {
                    "line": 106,
                    "column": 0
                },
                "end": {
                    "line": 106,
                    "column": 0
                }
            },
            "106": {
                "start": {
                    "line": 107,
                    "column": 0
                },
                "end": {
                    "line": 107,
                    "column": 0
                }
            },
            "107": {
                "start": {
                    "line": 108,
                    "column": 0
                },
                "end": {
                    "line": 108,
                    "column": 0
                }
            },
            "108": {
                "start": {
                    "line": 109,
                    "column": 0
                },
                "end": {
                    "line": 109,
                    "column": 0
                }
            },
            "109": {
                "start": {
                    "line": 110,
                    "column": 0
                },
                "end": {
                    "line": 110,
                    "column": 62
                }
            },
            "110": {
                "start": {
                    "line": 111,
                    "column": 0
                },
                "end": {
                    "line": 111,
                    "column": 0
                }
            },
            "111": {
                "start": {
                    "line": 112,
                    "column": 0
                },
                "end": {
                    "line": 112,
                    "column": 0
                }
            },
            "112": {
                "start": {
                    "line": 113,
                    "column": 0
                },
                "end": {
                    "line": 113,
                    "column": 0
                }
            },
            "113": {
                "start": {
                    "line": 114,
                    "column": 0
                },
                "end": {
                    "line": 114,
                    "column": 109
                }
            },
            "114": {
                "start": {
                    "line": 115,
                    "column": 0
                },
                "end": {
                    "line": 115,
                    "column": 0
                }
            },
            "115": {
                "start": {
                    "line": 116,
                    "column": 0
                },
                "end": {
                    "line": 116,
                    "column": 0
                }
            },
            "116": {
                "start": {
                    "line": 117,
                    "column": 0
                },
                "end": {
                    "line": 117,
                    "column": 41
                }
            },
            "117": {
                "start": {
                    "line": 118,
                    "column": 0
                },
                "end": {
                    "line": 118,
                    "column": 0
                }
            },
            "118": {
                "start": {
                    "line": 119,
                    "column": 0
                },
                "end": {
                    "line": 119,
                    "column": 0
                }
            },
            "119": {
                "start": {
                    "line": 120,
                    "column": 0
                },
                "end": {
                    "line": 120,
                    "column": 0
                }
            },
            "120": {
                "start": {
                    "line": 121,
                    "column": 0
                },
                "end": {
                    "line": 121,
                    "column": 55
                }
            },
            "121": {
                "start": {
                    "line": 122,
                    "column": 0
                },
                "end": {
                    "line": 122,
                    "column": 0
                }
            },
            "122": {
                "start": {
                    "line": 123,
                    "column": 0
                },
                "end": {
                    "line": 123,
                    "column": 72
                }
            },
            "123": {
                "start": {
                    "line": 124,
                    "column": 0
                },
                "end": {
                    "line": 124,
                    "column": 0
                }
            },
            "124": {
                "start": {
                    "line": 125,
                    "column": 0
                },
                "end": {
                    "line": 125,
                    "column": 55
                }
            },
            "125": {
                "start": {
                    "line": 126,
                    "column": 0
                },
                "end": {
                    "line": 126,
                    "column": 0
                }
            },
            "126": {
                "start": {
                    "line": 127,
                    "column": 0
                },
                "end": {
                    "line": 127,
                    "column": 52
                }
            },
            "127": {
                "start": {
                    "line": 128,
                    "column": 0
                },
                "end": {
                    "line": 128,
                    "column": 0
                }
            },
            "128": {
                "start": {
                    "line": 129,
                    "column": 0
                },
                "end": {
                    "line": 129,
                    "column": 0
                }
            },
            "129": {
                "start": {
                    "line": 130,
                    "column": 0
                },
                "end": {
                    "line": 130,
                    "column": 0
                }
            },
            "130": {
                "start": {
                    "line": 131,
                    "column": 0
                },
                "end": {
                    "line": 131,
                    "column": 81
                }
            },
            "131": {
                "start": {
                    "line": 132,
                    "column": 0
                },
                "end": {
                    "line": 132,
                    "column": 0
                }
            },
            "132": {
                "start": {
                    "line": 133,
                    "column": 0
                },
                "end": {
                    "line": 133,
                    "column": 88
                }
            },
            "133": {
                "start": {
                    "line": 134,
                    "column": 0
                },
                "end": {
                    "line": 134,
                    "column": 0
                }
            },
            "134": {
                "start": {
                    "line": 135,
                    "column": 0
                },
                "end": {
                    "line": 135,
                    "column": 70
                }
            },
            "135": {
                "start": {
                    "line": 136,
                    "column": 0
                },
                "end": {
                    "line": 136,
                    "column": 108
                }
            },
            "136": {
                "start": {
                    "line": 137,
                    "column": 0
                },
                "end": {
                    "line": 137,
                    "column": 103
                }
            },
            "137": {
                "start": {
                    "line": 138,
                    "column": 0
                },
                "end": {
                    "line": 138,
                    "column": 0
                }
            },
            "138": {
                "start": {
                    "line": 139,
                    "column": 0
                },
                "end": {
                    "line": 139,
                    "column": 0
                }
            },
            "139": {
                "start": {
                    "line": 140,
                    "column": 0
                },
                "end": {
                    "line": 140,
                    "column": 71
                }
            },
            "140": {
                "start": {
                    "line": 141,
                    "column": 0
                },
                "end": {
                    "line": 141,
                    "column": 119
                }
            },
            "141": {
                "start": {
                    "line": 142,
                    "column": 0
                },
                "end": {
                    "line": 142,
                    "column": 112
                }
            },
            "142": {
                "start": {
                    "line": 143,
                    "column": 0
                },
                "end": {
                    "line": 143,
                    "column": 0
                }
            },
            "143": {
                "start": {
                    "line": 144,
                    "column": 0
                },
                "end": {
                    "line": 144,
                    "column": 55
                }
            },
            "144": {
                "start": {
                    "line": 145,
                    "column": 0
                },
                "end": {
                    "line": 145,
                    "column": 126
                }
            },
            "145": {
                "start": {
                    "line": 146,
                    "column": 0
                },
                "end": {
                    "line": 146,
                    "column": 0
                }
            },
            "146": {
                "start": {
                    "line": 147,
                    "column": 0
                },
                "end": {
                    "line": 147,
                    "column": 42
                }
            },
            "147": {
                "start": {
                    "line": 148,
                    "column": 0
                },
                "end": {
                    "line": 148,
                    "column": 112
                }
            },
            "148": {
                "start": {
                    "line": 149,
                    "column": 0
                },
                "end": {
                    "line": 149,
                    "column": 0
                }
            },
            "149": {
                "start": {
                    "line": 150,
                    "column": 0
                },
                "end": {
                    "line": 150,
                    "column": 50
                }
            },
            "150": {
                "start": {
                    "line": 151,
                    "column": 0
                },
                "end": {
                    "line": 151,
                    "column": 132
                }
            },
            "151": {
                "start": {
                    "line": 152,
                    "column": 0
                },
                "end": {
                    "line": 152,
                    "column": 0
                }
            },
            "152": {
                "start": {
                    "line": 153,
                    "column": 0
                },
                "end": {
                    "line": 153,
                    "column": 35
                }
            },
            "153": {
                "start": {
                    "line": 154,
                    "column": 0
                },
                "end": {
                    "line": 154,
                    "column": 105
                }
            },
            "154": {
                "start": {
                    "line": 155,
                    "column": 0
                },
                "end": {
                    "line": 155,
                    "column": 111
                }
            },
            "155": {
                "start": {
                    "line": 156,
                    "column": 0
                },
                "end": {
                    "line": 156,
                    "column": 50
                }
            },
            "156": {
                "start": {
                    "line": 157,
                    "column": 0
                },
                "end": {
                    "line": 157,
                    "column": 0
                }
            },
            "157": {
                "start": {
                    "line": 158,
                    "column": 0
                },
                "end": {
                    "line": 158,
                    "column": 0
                }
            },
            "158": {
                "start": {
                    "line": 159,
                    "column": 0
                },
                "end": {
                    "line": 159,
                    "column": 0
                }
            },
            "159": {
                "start": {
                    "line": 160,
                    "column": 0
                },
                "end": {
                    "line": 160,
                    "column": 53
                }
            },
            "160": {
                "start": {
                    "line": 161,
                    "column": 0
                },
                "end": {
                    "line": 161,
                    "column": 0
                }
            },
            "161": {
                "start": {
                    "line": 162,
                    "column": 0
                },
                "end": {
                    "line": 162,
                    "column": 111
                }
            },
            "162": {
                "start": {
                    "line": 163,
                    "column": 0
                },
                "end": {
                    "line": 163,
                    "column": 9
                }
            },
            "163": {
                "start": {
                    "line": 164,
                    "column": 0
                },
                "end": {
                    "line": 164,
                    "column": 0
                }
            },
            "164": {
                "start": {
                    "line": 165,
                    "column": 0
                },
                "end": {
                    "line": 165,
                    "column": 0
                }
            },
            "165": {
                "start": {
                    "line": 166,
                    "column": 0
                },
                "end": {
                    "line": 166,
                    "column": 75
                }
            },
            "166": {
                "start": {
                    "line": 167,
                    "column": 0
                },
                "end": {
                    "line": 167,
                    "column": 0
                }
            },
            "167": {
                "start": {
                    "line": 168,
                    "column": 0
                },
                "end": {
                    "line": 168,
                    "column": 0
                }
            },
            "168": {
                "start": {
                    "line": 169,
                    "column": 0
                },
                "end": {
                    "line": 169,
                    "column": 93
                }
            },
            "169": {
                "start": {
                    "line": 170,
                    "column": 0
                },
                "end": {
                    "line": 170,
                    "column": 0
                }
            },
            "170": {
                "start": {
                    "line": 171,
                    "column": 0
                },
                "end": {
                    "line": 171,
                    "column": 0
                }
            },
            "171": {
                "start": {
                    "line": 172,
                    "column": 0
                },
                "end": {
                    "line": 172,
                    "column": 49
                }
            },
            "172": {
                "start": {
                    "line": 173,
                    "column": 0
                },
                "end": {
                    "line": 173,
                    "column": 0
                }
            },
            "173": {
                "start": {
                    "line": 174,
                    "column": 0
                },
                "end": {
                    "line": 174,
                    "column": 0
                }
            },
            "174": {
                "start": {
                    "line": 175,
                    "column": 0
                },
                "end": {
                    "line": 175,
                    "column": 38
                }
            },
            "175": {
                "start": {
                    "line": 176,
                    "column": 0
                },
                "end": {
                    "line": 176,
                    "column": 0
                }
            },
            "176": {
                "start": {
                    "line": 177,
                    "column": 0
                },
                "end": {
                    "line": 177,
                    "column": 0
                }
            },
            "177": {
                "start": {
                    "line": 178,
                    "column": 0
                },
                "end": {
                    "line": 178,
                    "column": 39
                }
            },
            "178": {
                "start": {
                    "line": 179,
                    "column": 0
                },
                "end": {
                    "line": 179,
                    "column": 0
                }
            },
            "179": {
                "start": {
                    "line": 180,
                    "column": 0
                },
                "end": {
                    "line": 180,
                    "column": 0
                }
            },
            "180": {
                "start": {
                    "line": 181,
                    "column": 0
                },
                "end": {
                    "line": 181,
                    "column": 61
                }
            },
            "181": {
                "start": {
                    "line": 182,
                    "column": 0
                },
                "end": {
                    "line": 182,
                    "column": 0
                }
            },
            "182": {
                "start": {
                    "line": 183,
                    "column": 0
                },
                "end": {
                    "line": 183,
                    "column": 54
                }
            },
            "183": {
                "start": {
                    "line": 184,
                    "column": 0
                },
                "end": {
                    "line": 184,
                    "column": 0
                }
            },
            "184": {
                "start": {
                    "line": 185,
                    "column": 0
                },
                "end": {
                    "line": 185,
                    "column": 0
                }
            },
            "185": {
                "start": {
                    "line": 186,
                    "column": 0
                },
                "end": {
                    "line": 186,
                    "column": 0
                }
            },
            "186": {
                "start": {
                    "line": 187,
                    "column": 0
                },
                "end": {
                    "line": 187,
                    "column": 125
                }
            },
            "187": {
                "start": {
                    "line": 188,
                    "column": 0
                },
                "end": {
                    "line": 188,
                    "column": 0
                }
            },
            "188": {
                "start": {
                    "line": 189,
                    "column": 0
                },
                "end": {
                    "line": 189,
                    "column": 31
                }
            },
            "189": {
                "start": {
                    "line": 190,
                    "column": 0
                },
                "end": {
                    "line": 190,
                    "column": 0
                }
            },
            "190": {
                "start": {
                    "line": 191,
                    "column": 0
                },
                "end": {
                    "line": 191,
                    "column": 17
                }
            },
            "191": {
                "start": {
                    "line": 192,
                    "column": 0
                },
                "end": {
                    "line": 192,
                    "column": 0
                }
            },
            "192": {
                "start": {
                    "line": 193,
                    "column": 0
                },
                "end": {
                    "line": 193,
                    "column": 0
                }
            },
            "193": {
                "start": {
                    "line": 194,
                    "column": 0
                },
                "end": {
                    "line": 194,
                    "column": 0
                }
            },
            "194": {
                "start": {
                    "line": 195,
                    "column": 0
                },
                "end": {
                    "line": 195,
                    "column": 113
                }
            },
            "195": {
                "start": {
                    "line": 196,
                    "column": 0
                },
                "end": {
                    "line": 196,
                    "column": 0
                }
            },
            "196": {
                "start": {
                    "line": 197,
                    "column": 0
                },
                "end": {
                    "line": 197,
                    "column": 27
                }
            },
            "197": {
                "start": {
                    "line": 198,
                    "column": 0
                },
                "end": {
                    "line": 198,
                    "column": 0
                }
            },
            "198": {
                "start": {
                    "line": 199,
                    "column": 0
                },
                "end": {
                    "line": 199,
                    "column": 13
                }
            },
            "199": {
                "start": {
                    "line": 200,
                    "column": 0
                },
                "end": {
                    "line": 200,
                    "column": 0
                }
            },
            "200": {
                "start": {
                    "line": 201,
                    "column": 0
                },
                "end": {
                    "line": 201,
                    "column": 0
                }
            },
            "201": {
                "start": {
                    "line": 202,
                    "column": 0
                },
                "end": {
                    "line": 202,
                    "column": 38
                }
            },
            "202": {
                "start": {
                    "line": 203,
                    "column": 0
                },
                "end": {
                    "line": 203,
                    "column": 0
                }
            },
            "203": {
                "start": {
                    "line": 204,
                    "column": 0
                },
                "end": {
                    "line": 204,
                    "column": 0
                }
            },
            "204": {
                "start": {
                    "line": 205,
                    "column": 0
                },
                "end": {
                    "line": 205,
                    "column": 0
                }
            },
            "205": {
                "start": {
                    "line": 206,
                    "column": 0
                },
                "end": {
                    "line": 206,
                    "column": 120
                }
            },
            "206": {
                "start": {
                    "line": 207,
                    "column": 0
                },
                "end": {
                    "line": 207,
                    "column": 0
                }
            },
            "207": {
                "start": {
                    "line": 208,
                    "column": 0
                },
                "end": {
                    "line": 208,
                    "column": 0
                }
            },
            "208": {
                "start": {
                    "line": 209,
                    "column": 0
                },
                "end": {
                    "line": 209,
                    "column": 27
                }
            },
            "209": {
                "start": {
                    "line": 210,
                    "column": 0
                },
                "end": {
                    "line": 210,
                    "column": 0
                }
            },
            "210": {
                "start": {
                    "line": 211,
                    "column": 0
                },
                "end": {
                    "line": 211,
                    "column": 13
                }
            },
            "211": {
                "start": {
                    "line": 212,
                    "column": 0
                },
                "end": {
                    "line": 212,
                    "column": 0
                }
            },
            "212": {
                "start": {
                    "line": 213,
                    "column": 0
                },
                "end": {
                    "line": 213,
                    "column": 0
                }
            },
            "213": {
                "start": {
                    "line": 214,
                    "column": 0
                },
                "end": {
                    "line": 214,
                    "column": 37
                }
            },
            "214": {
                "start": {
                    "line": 215,
                    "column": 0
                },
                "end": {
                    "line": 215,
                    "column": 0
                }
            },
            "215": {
                "start": {
                    "line": 216,
                    "column": 0
                },
                "end": {
                    "line": 216,
                    "column": 0
                }
            },
            "216": {
                "start": {
                    "line": 217,
                    "column": 0
                },
                "end": {
                    "line": 217,
                    "column": 48
                }
            },
            "217": {
                "start": {
                    "line": 218,
                    "column": 0
                },
                "end": {
                    "line": 218,
                    "column": 0
                }
            },
            "218": {
                "start": {
                    "line": 219,
                    "column": 0
                },
                "end": {
                    "line": 219,
                    "column": 0
                }
            },
            "219": {
                "start": {
                    "line": 220,
                    "column": 0
                },
                "end": {
                    "line": 220,
                    "column": 98
                }
            },
            "220": {
                "start": {
                    "line": 221,
                    "column": 0
                },
                "end": {
                    "line": 221,
                    "column": 0
                }
            },
            "221": {
                "start": {
                    "line": 222,
                    "column": 0
                },
                "end": {
                    "line": 222,
                    "column": 0
                }
            },
            "222": {
                "start": {
                    "line": 223,
                    "column": 0
                },
                "end": {
                    "line": 223,
                    "column": 50
                }
            },
            "223": {
                "start": {
                    "line": 224,
                    "column": 0
                },
                "end": {
                    "line": 224,
                    "column": 0
                }
            },
            "224": {
                "start": {
                    "line": 225,
                    "column": 0
                },
                "end": {
                    "line": 225,
                    "column": 37
                }
            },
            "225": {
                "start": {
                    "line": 226,
                    "column": 0
                },
                "end": {
                    "line": 226,
                    "column": 48
                }
            },
            "226": {
                "start": {
                    "line": 227,
                    "column": 0
                },
                "end": {
                    "line": 227,
                    "column": 122
                }
            },
            "227": {
                "start": {
                    "line": 228,
                    "column": 0
                },
                "end": {
                    "line": 228,
                    "column": 25
                }
            },
            "228": {
                "start": {
                    "line": 229,
                    "column": 0
                },
                "end": {
                    "line": 229,
                    "column": 0
                }
            },
            "229": {
                "start": {
                    "line": 230,
                    "column": 0
                },
                "end": {
                    "line": 230,
                    "column": 35
                }
            },
            "230": {
                "start": {
                    "line": 231,
                    "column": 0
                },
                "end": {
                    "line": 231,
                    "column": 21
                }
            },
            "231": {
                "start": {
                    "line": 232,
                    "column": 0
                },
                "end": {
                    "line": 232,
                    "column": 0
                }
            },
            "232": {
                "start": {
                    "line": 233,
                    "column": 0
                },
                "end": {
                    "line": 233,
                    "column": 59
                }
            },
            "233": {
                "start": {
                    "line": 234,
                    "column": 0
                },
                "end": {
                    "line": 234,
                    "column": 53
                }
            },
            "234": {
                "start": {
                    "line": 235,
                    "column": 0
                },
                "end": {
                    "line": 235,
                    "column": 75
                }
            },
            "235": {
                "start": {
                    "line": 236,
                    "column": 0
                },
                "end": {
                    "line": 236,
                    "column": 21
                }
            },
            "236": {
                "start": {
                    "line": 237,
                    "column": 0
                },
                "end": {
                    "line": 237,
                    "column": 0
                }
            },
            "237": {
                "start": {
                    "line": 238,
                    "column": 0
                },
                "end": {
                    "line": 238,
                    "column": 0
                }
            },
            "238": {
                "start": {
                    "line": 239,
                    "column": 0
                },
                "end": {
                    "line": 239,
                    "column": 31
                }
            },
            "239": {
                "start": {
                    "line": 240,
                    "column": 0
                },
                "end": {
                    "line": 240,
                    "column": 17
                }
            },
            "240": {
                "start": {
                    "line": 241,
                    "column": 0
                },
                "end": {
                    "line": 241,
                    "column": 0
                }
            },
            "241": {
                "start": {
                    "line": 242,
                    "column": 0
                },
                "end": {
                    "line": 242,
                    "column": 120
                }
            },
            "242": {
                "start": {
                    "line": 243,
                    "column": 0
                },
                "end": {
                    "line": 243,
                    "column": 0
                }
            },
            "243": {
                "start": {
                    "line": 244,
                    "column": 0
                },
                "end": {
                    "line": 244,
                    "column": 0
                }
            },
            "244": {
                "start": {
                    "line": 245,
                    "column": 0
                },
                "end": {
                    "line": 245,
                    "column": 0
                }
            },
            "245": {
                "start": {
                    "line": 246,
                    "column": 0
                },
                "end": {
                    "line": 246,
                    "column": 27
                }
            },
            "246": {
                "start": {
                    "line": 247,
                    "column": 0
                },
                "end": {
                    "line": 247,
                    "column": 13
                }
            },
            "247": {
                "start": {
                    "line": 248,
                    "column": 0
                },
                "end": {
                    "line": 248,
                    "column": 0
                }
            },
            "248": {
                "start": {
                    "line": 249,
                    "column": 0
                },
                "end": {
                    "line": 249,
                    "column": 0
                }
            },
            "249": {
                "start": {
                    "line": 250,
                    "column": 0
                },
                "end": {
                    "line": 250,
                    "column": 0
                }
            },
            "250": {
                "start": {
                    "line": 251,
                    "column": 0
                },
                "end": {
                    "line": 251,
                    "column": 58
                }
            },
            "251": {
                "start": {
                    "line": 252,
                    "column": 0
                },
                "end": {
                    "line": 252,
                    "column": 0
                }
            },
            "252": {
                "start": {
                    "line": 253,
                    "column": 0
                },
                "end": {
                    "line": 253,
                    "column": 0
                }
            },
            "253": {
                "start": {
                    "line": 254,
                    "column": 0
                },
                "end": {
                    "line": 254,
                    "column": 120
                }
            },
            "254": {
                "start": {
                    "line": 255,
                    "column": 0
                },
                "end": {
                    "line": 255,
                    "column": 0
                }
            },
            "255": {
                "start": {
                    "line": 256,
                    "column": 0
                },
                "end": {
                    "line": 256,
                    "column": 0
                }
            },
            "256": {
                "start": {
                    "line": 257,
                    "column": 0
                },
                "end": {
                    "line": 257,
                    "column": 27
                }
            },
            "257": {
                "start": {
                    "line": 258,
                    "column": 0
                },
                "end": {
                    "line": 258,
                    "column": 13
                }
            },
            "258": {
                "start": {
                    "line": 259,
                    "column": 0
                },
                "end": {
                    "line": 259,
                    "column": 0
                }
            },
            "259": {
                "start": {
                    "line": 260,
                    "column": 0
                },
                "end": {
                    "line": 260,
                    "column": 0
                }
            },
            "260": {
                "start": {
                    "line": 261,
                    "column": 0
                },
                "end": {
                    "line": 261,
                    "column": 53
                }
            },
            "261": {
                "start": {
                    "line": 262,
                    "column": 0
                },
                "end": {
                    "line": 262,
                    "column": 0
                }
            },
            "262": {
                "start": {
                    "line": 263,
                    "column": 0
                },
                "end": {
                    "line": 263,
                    "column": 120
                }
            },
            "263": {
                "start": {
                    "line": 264,
                    "column": 0
                },
                "end": {
                    "line": 264,
                    "column": 0
                }
            },
            "264": {
                "start": {
                    "line": 265,
                    "column": 0
                },
                "end": {
                    "line": 265,
                    "column": 0
                }
            },
            "265": {
                "start": {
                    "line": 266,
                    "column": 0
                },
                "end": {
                    "line": 266,
                    "column": 0
                }
            },
            "266": {
                "start": {
                    "line": 267,
                    "column": 0
                },
                "end": {
                    "line": 267,
                    "column": 27
                }
            },
            "267": {
                "start": {
                    "line": 268,
                    "column": 0
                },
                "end": {
                    "line": 268,
                    "column": 13
                }
            },
            "268": {
                "start": {
                    "line": 269,
                    "column": 0
                },
                "end": {
                    "line": 269,
                    "column": 0
                }
            },
            "269": {
                "start": {
                    "line": 270,
                    "column": 0
                },
                "end": {
                    "line": 270,
                    "column": 0
                }
            },
            "270": {
                "start": {
                    "line": 271,
                    "column": 0
                },
                "end": {
                    "line": 271,
                    "column": 0
                }
            },
            "271": {
                "start": {
                    "line": 272,
                    "column": 0
                },
                "end": {
                    "line": 272,
                    "column": 0
                }
            },
            "272": {
                "start": {
                    "line": 273,
                    "column": 0
                },
                "end": {
                    "line": 273,
                    "column": 45
                }
            },
            "273": {
                "start": {
                    "line": 274,
                    "column": 0
                },
                "end": {
                    "line": 274,
                    "column": 0
                }
            },
            "274": {
                "start": {
                    "line": 275,
                    "column": 0
                },
                "end": {
                    "line": 275,
                    "column": 0
                }
            },
            "275": {
                "start": {
                    "line": 276,
                    "column": 0
                },
                "end": {
                    "line": 276,
                    "column": 120
                }
            },
            "276": {
                "start": {
                    "line": 277,
                    "column": 0
                },
                "end": {
                    "line": 277,
                    "column": 0
                }
            },
            "277": {
                "start": {
                    "line": 278,
                    "column": 0
                },
                "end": {
                    "line": 278,
                    "column": 0
                }
            },
            "278": {
                "start": {
                    "line": 279,
                    "column": 0
                },
                "end": {
                    "line": 279,
                    "column": 0
                }
            },
            "279": {
                "start": {
                    "line": 280,
                    "column": 0
                },
                "end": {
                    "line": 280,
                    "column": 27
                }
            },
            "280": {
                "start": {
                    "line": 281,
                    "column": 0
                },
                "end": {
                    "line": 281,
                    "column": 13
                }
            },
            "281": {
                "start": {
                    "line": 282,
                    "column": 0
                },
                "end": {
                    "line": 282,
                    "column": 0
                }
            },
            "282": {
                "start": {
                    "line": 283,
                    "column": 0
                },
                "end": {
                    "line": 283,
                    "column": 0
                }
            },
            "283": {
                "start": {
                    "line": 284,
                    "column": 0
                },
                "end": {
                    "line": 284,
                    "column": 0
                }
            },
            "284": {
                "start": {
                    "line": 285,
                    "column": 0
                },
                "end": {
                    "line": 285,
                    "column": 0
                }
            },
            "285": {
                "start": {
                    "line": 286,
                    "column": 0
                },
                "end": {
                    "line": 286,
                    "column": 9
                }
            },
            "286": {
                "start": {
                    "line": 287,
                    "column": 0
                },
                "end": {
                    "line": 287,
                    "column": 0
                }
            },
            "287": {
                "start": {
                    "line": 288,
                    "column": 0
                },
                "end": {
                    "line": 288,
                    "column": 0
                }
            },
            "288": {
                "start": {
                    "line": 289,
                    "column": 0
                },
                "end": {
                    "line": 289,
                    "column": 0
                }
            },
            "289": {
                "start": {
                    "line": 290,
                    "column": 0
                },
                "end": {
                    "line": 290,
                    "column": 0
                }
            },
            "290": {
                "start": {
                    "line": 291,
                    "column": 0
                },
                "end": {
                    "line": 291,
                    "column": 0
                }
            },
            "291": {
                "start": {
                    "line": 292,
                    "column": 0
                },
                "end": {
                    "line": 292,
                    "column": 100
                }
            },
            "292": {
                "start": {
                    "line": 293,
                    "column": 0
                },
                "end": {
                    "line": 293,
                    "column": 0
                }
            },
            "293": {
                "start": {
                    "line": 294,
                    "column": 0
                },
                "end": {
                    "line": 294,
                    "column": 0
                }
            },
            "294": {
                "start": {
                    "line": 295,
                    "column": 0
                },
                "end": {
                    "line": 295,
                    "column": 21
                }
            },
            "295": {
                "start": {
                    "line": 296,
                    "column": 0
                },
                "end": {
                    "line": 296,
                    "column": 0
                }
            },
            "296": {
                "start": {
                    "line": 297,
                    "column": 0
                },
                "end": {
                    "line": 297,
                    "column": 38
                }
            },
            "297": {
                "start": {
                    "line": 298,
                    "column": 0
                },
                "end": {
                    "line": 298,
                    "column": 0
                }
            },
            "298": {
                "start": {
                    "line": 299,
                    "column": 0
                },
                "end": {
                    "line": 299,
                    "column": 40
                }
            },
            "299": {
                "start": {
                    "line": 300,
                    "column": 0
                },
                "end": {
                    "line": 300,
                    "column": 0
                }
            },
            "300": {
                "start": {
                    "line": 301,
                    "column": 0
                },
                "end": {
                    "line": 301,
                    "column": 81
                }
            },
            "301": {
                "start": {
                    "line": 302,
                    "column": 0
                },
                "end": {
                    "line": 302,
                    "column": 0
                }
            },
            "302": {
                "start": {
                    "line": 303,
                    "column": 0
                },
                "end": {
                    "line": 303,
                    "column": 31
                }
            },
            "303": {
                "start": {
                    "line": 304,
                    "column": 0
                },
                "end": {
                    "line": 304,
                    "column": 0
                }
            },
            "304": {
                "start": {
                    "line": 305,
                    "column": 0
                },
                "end": {
                    "line": 305,
                    "column": 17
                }
            },
            "305": {
                "start": {
                    "line": 306,
                    "column": 0
                },
                "end": {
                    "line": 306,
                    "column": 0
                }
            },
            "306": {
                "start": {
                    "line": 307,
                    "column": 0
                },
                "end": {
                    "line": 307,
                    "column": 0
                }
            },
            "307": {
                "start": {
                    "line": 308,
                    "column": 0
                },
                "end": {
                    "line": 308,
                    "column": 110
                }
            },
            "308": {
                "start": {
                    "line": 309,
                    "column": 0
                },
                "end": {
                    "line": 309,
                    "column": 0
                }
            },
            "309": {
                "start": {
                    "line": 310,
                    "column": 0
                },
                "end": {
                    "line": 310,
                    "column": 0
                }
            },
            "310": {
                "start": {
                    "line": 311,
                    "column": 0
                },
                "end": {
                    "line": 311,
                    "column": 27
                }
            },
            "311": {
                "start": {
                    "line": 312,
                    "column": 0
                },
                "end": {
                    "line": 312,
                    "column": 0
                }
            },
            "312": {
                "start": {
                    "line": 313,
                    "column": 0
                },
                "end": {
                    "line": 313,
                    "column": 13
                }
            },
            "313": {
                "start": {
                    "line": 314,
                    "column": 0
[...]
                        "line": 272,
                        "column": 5
                    }
                },
                "locations": [
                    {
                        "start": {
                            "line": 255,
                            "column": 48
                        },
                        "end": {
                            "line": 272,
                            "column": 5
                        }
                    }
                ]
            },
            "34": {
                "type": "branch",
                "line": 260,
                "loc": {
                    "start": {
                        "line": 260,
                        "column": 47
                    },
                    "end": {
                        "line": 260,
                        "column": 55
                    }
                },
                "locations": [
                    {
                        "start": {
                            "line": 260,
                            "column": 47
                        },
                        "end": {
                            "line": 260,
                            "column": 55
                        }
                    }
                ]
            },
            "35": {
                "type": "branch",
                "line": 265,
                "loc": {
                    "start": {
                        "line": 265,
                        "column": 71
                    },
                    "end": {
                        "line": 265,
                        "column": 83
                    }
                },
                "locations": [
                    {
                        "start": {
                            "line": 265,
                            "column": 71
                        },
                        "end": {
                            "line": 265,
                            "column": 83
                        }
                    }
                ]
            },
            "36": {
                "type": "branch",
                "line": 272,
                "loc": {
                    "start": {
                        "line": 272,
                        "column": 4
                    },
                    "end": {
                        "line": 275,
                        "column": 46
                    }
                },
                "locations": [
                    {
                        "start": {
                            "line": 272,
                            "column": 4
                        },
                        "end": {
                            "line": 275,
                            "column": 46
                        }
                    }
                ]
            },
            "37": {
                "type": "branch",
                "line": 275,
                "loc": {
                    "start": {
                        "line": 275,
                        "column": 46
                    },
                    "end": {
                        "line": 281,
                        "column": 5
                    }
                },
                "locations": [
                    {
                        "start": {
                            "line": 275,
                            "column": 46
                        },
                        "end": {
                            "line": 281,
                            "column": 5
                        }
                    }
                ]
            },
            "38": {
                "type": "branch",
                "line": 281,
                "loc": {
                    "start": {
                        "line": 281,
                        "column": 4
                    },
                    "end": {
                        "line": 348,
                        "column": 1
                    }
                },
                "locations": [
                    {
                        "start": {
                            "line": 281,
                            "column": 4
                        },
                        "end": {
                            "line": 348,
                            "column": 1
                        }
                    }
                ]
            },
            "39": {
                "type": "branch",
                "line": 289,
                "loc": {
                    "start": {
                        "line": 289,
                        "column": 4
                    },
                    "end": {
                        "line": 347,
                        "column": 5
                    }
                },
                "locations": [
                    {
                        "start": {
                            "line": 289,
                            "column": 4
                        },
                        "end": {
                            "line": 347,
                            "column": 5
                        }
                    }
                ]
            },
            "40": {
                "type": "branch",
                "line": 293,
                "loc": {
                    "start": {
                        "line": 293,
                        "column": 15
                    },
                    "end": {
                        "line": 346,
                        "column": 9
                    }
                },
                "locations": [
                    {
                        "start": {
                            "line": 293,
                            "column": 15
                        },
                        "end": {
                            "line": 346,
                            "column": 9
                        }
                    }
                ]
            },
            "41": {
                "type": "branch",
                "line": 296,
                "loc": {
                    "start": {
                        "line": 296,
                        "column": 100
                    },
                    "end": {
                        "line": 296,
                        "column": 109
                    }
                },
                "locations": [
                    {
                        "start": {
                            "line": 296,
                            "column": 100
                        },
                        "end": {
                            "line": 296,
                            "column": 109
                        }
                    }
                ]
            },
            "42": {
                "type": "branch",
                "line": 304,
                "loc": {
                    "start": {
                        "line": 304,
                        "column": 12
                    },
                    "end": {
                        "line": 311,
                        "column": 35
                    }
                },
                "locations": [
                    {
                        "start": {
                            "line": 304,
                            "column": 12
                        },
                        "end": {
                            "line": 311,
                            "column": 35
                        }
                    }
                ]
            },
            "43": {
                "type": "branch",
                "line": 311,
                "loc": {
                    "start": {
                        "line": 311,
                        "column": 35
                    },
                    "end": {
                        "line": 321,
                        "column": 118
                    }
                },
                "locations": [
                    {
                        "start": {
                            "line": 311,
                            "column": 35
                        },
                        "end": {
                            "line": 321,
                            "column": 118
                        }
                    }
                ]
            },
            "44": {
                "type": "branch",
                "line": 324,
                "loc": {
                    "start": {
                        "line": 324,
                        "column": 58
                    },
                    "end": {
                        "line": 339,
                        "column": 55
                    }
                },
                "locations": [
                    {
                        "start": {
                            "line": 324,
                            "column": 58
                        },
                        "end": {
                            "line": 339,
                            "column": 55
                        }
                    }
                ]
            },
            "45": {
                "type": "branch",
                "line": 339,
                "loc": {
                    "start": {
                        "line": 339,
                        "column": 52
                    },
                    "end": {
                        "line": 340,
                        "column": 45
                    }
                },
                "locations": [
                    {
                        "start": {
                            "line": 339,
                            "column": 52
                        },
                        "end": {
                            "line": 340,
                            "column": 45
                        }
                    }
                ]
            },
            "46": {
                "type": "branch",
                "line": 357,
                "loc": {
                    "start": {
                        "line": 357,
                        "column": 4
                    },
                    "end": {
                        "line": 359,
                        "column": 94
                    }
                },
                "locations": [
                    {
                        "start": {
                            "line": 357,
                            "column": 4
                        },
                        "end": {
                            "line": 359,
                            "column": 94
                        }
                    }
                ]
            },
            "47": {
                "type": "branch",
                "line": 358,
                "loc": {
                    "start": {
                        "line": 358,
                        "column": 8
                    },
                    "end": {
                        "line": 359,
                        "column": 94
                    }
                },
                "locations": [
                    {
                        "start": {
                            "line": 358,
                            "column": 8
                        },
                        "end": {
                            "line": 359,
                            "column": 94
                        }
                    }
                ]
            },
            "48": {
                "type": "branch",
                "line": 359,
                "loc": {
                    "start": {
                        "line": 359,
                        "column": 53
                    },
                    "end": {
                        "line": 359,
                        "column": 76
                    }
                },
                "locations": [
                    {
                        "start": {
                            "line": 359,
                            "column": 53
                        },
                        "end": {
                            "line": 359,
                            "column": 76
                        }
                    }
                ]
            },
            "49": {
                "type": "branch",
                "line": 359,
                "loc": {
                    "start": {
                        "line": 359,
                        "column": 76
                    },
                    "end": {
                        "line": 359,
                        "column": 93
                    }
                },
                "locations": [
                    {
                        "start": {
                            "line": 359,
                            "column": 76
                        },
                        "end": {
                            "line": 359,
                            "column": 93
                        }
                    }
                ]
            }
        },
        "b": {
            "0": [
                8
            ],
            "1": [
                33
            ],
            "2": [
                0
            ],
            "3": [
                7
            ],
            "4": [
                1
            ],
            "5": [
                32
            ],
            "6": [
                13
            ],
            "7": [
                19
            ],
            "8": [
                5
            ],
            "9": [
                13
            ],
            "10": [
                9
            ],
            "11": [
                4
            ],
            "12": [
                0
            ],
            "13": [
                4
            ],
            "14": [
                18
            ],
            "15": [
                9
            ],
            "16": [
                1
            ],
            "17": [
                8
            ],
            "18": [
                1
            ],
            "19": [
                7
            ],
            "20": [
                3
            ],
            "21": [
                2
            ],
            "22": [
                1
            ],
            "23": [
                7
            ],
            "24": [
                3
            ],
            "25": [
                0
            ],
            "26": [
                5
            ],
            "27": [
                3
            ],
            "28": [
                2
            ],
            "29": [
                7
            ],
            "30": [
                3
            ],
            "31": [
                0
            ],
            "32": [
                7
            ],
            "33": [
                1
            ],
            "34": [
                0
            ],
            "35": [
                0
            ],
            "36": [
                7
            ],
            "37": [
                0
            ],
            "38": [
                7
            ],
            "39": [
                3
            ],
            "40": [
                12
            ],
            "41": [
                0
            ],
            "42": [
                0
            ],
            "43": [
                0
            ],
            "44": [
                0
            ],
            "45": [
                0
            ],
            "46": [
                3
            ],
            "47": [
                9
            ],
            "48": [
                1
            ],
            "49": [
                1
            ]
        },
        "fnMap": {
            "0": {
                "name": "getSortClassesBasedOnClassType",
                "decl": {
                    "start": {
                        "line": 17,
                        "column": 0
                    },
                    "end": {
                        "line": 105,
                        "column": 1
                    }
                },
                "loc": {
                    "start": {
                        "line": 17,
                        "column": 0
                    },
                    "end": {
                        "line": 105,
                        "column": 1
                    }
                },
                "line": 17
            },
            "1": {
                "name": "isString",
                "decl": {
                    "start": {
                        "line": 111,
                        "column": 0
                    },
                    "end": {
                        "line": 113,
                        "column": 1
                    }
                },
                "loc": {
                    "start": {
                        "line": 111,
                        "column": 0
                    },
                    "end": {
                        "line": 113,
                        "column": 1
                    }
                },
                "line": 111
            },
            "2": {
                "name": "classNamesSorterAndFilter",
                "decl": {
                    "start": {
                        "line": 115,
                        "column": 34
                    },
                    "end": {
                        "line": 348,
                        "column": 1
                    }
                },
                "loc": {
                    "start": {
                        "line": 115,
                        "column": 34
                    },
                    "end": {
                        "line": 348,
                        "column": 1
                    }
                },
                "line": 115
            },
            "3": {
                "name": "getCreateUtilityClassesBasedOnIfTheValueHasAPrefix",
                "decl": {
                    "start": {
                        "line": 289,
                        "column": 4
                    },
                    "end": {
                        "line": 347,
                        "column": 5
                    }
                },
                "loc": {
                    "start": {
                        "line": 289,
                        "column": 4
                    },
                    "end": {
                        "line": 347,
                        "column": 5
                    }
                },
                "line": 289
            },
            "4": {
                "name": "getClassNamesEvaluatorFilterAndSorter",
                "decl": {
                    "start": {
                        "line": 357,
                        "column": 4
                    },
                    "end": {
                        "line": 359,
                        "column": 94
                    }
                },
                "loc": {
                    "start": {
                        "line": 357,
                        "column": 4
                    },
                    "end": {
                        "line": 359,
                        "column": 94
                    }
                },
                "line": 357
            },
            "5": {
                "name": "tailwindOrWindiCN_EFS",
                "decl": {
                    "start": {
                        "line": 428,
                        "column": 44
                    },
                    "end": {
                        "line": 429,
                        "column": 132
                    }
                },
                "loc": {
                    "start": {
                        "line": 428,
                        "column": 44
                    },
                    "end": {
                        "line": 429,
                        "column": 132
                    }
                },
                "line": 428
            }
        },
        "f": {
            "0": 8,
            "1": 18,
            "2": 9,
            "3": 3,
            "4": 3,
            "5": 0
        }
    }
}