{"/home/louiss/main/web-projects/libraries/cn-efs/src/classMapChangers.ts": {"path":"/home/louiss/main/web-projects/libraries/cn-efs/src/classMapChangers.ts","all":false,"statementMap":{"0":{"start":{"line":1,"column":0},"end":{"line":1,"column":0}},"1":{"start":{"line":2,"column":0},"end":{"line":2,"column":79}},"2":{"start":{"line":3,"column":0},"end":{"line":3,"column":0}},"3":{"start":{"line":4,"column":0},"end":{"line":4,"column":45}},"4":{"start":{"line":5,"column":0},"end":{"line":5,"column":87}},"5":{"start":{"line":6,"column":0},"end":{"line":6,"column":0}},"6":{"start":{"line":7,"column":0},"end":{"line":7,"column":124}},"7":{"start":{"line":8,"column":0},"end":{"line":8,"column":0}},"8":{"start":{"line":9,"column":0},"end":{"line":9,"column":0}},"9":{"start":{"line":10,"column":0},"end":{"line":10,"column":57}},"10":{"start":{"line":11,"column":0},"end":{"line":11,"column":102}},"11":{"start":{"line":12,"column":0},"end":{"line":12,"column":0}},"12":{"start":{"line":13,"column":0},"end":{"line":13,"column":58}},"13":{"start":{"line":14,"column":0},"end":{"line":14,"column":103}},"14":{"start":{"line":15,"column":0},"end":{"line":15,"column":0}},"15":{"start":{"line":16,"column":0},"end":{"line":16,"column":58}},"16":{"start":{"line":17,"column":0},"end":{"line":17,"column":103}},"17":{"start":{"line":18,"column":0},"end":{"line":18,"column":0}},"18":{"start":{"line":19,"column":0},"end":{"line":19,"column":0}},"19":{"start":{"line":20,"column":0},"end":{"line":20,"column":0}},"20":{"start":{"line":21,"column":0},"end":{"line":21,"column":0}},"21":{"start":{"line":22,"column":0},"end":{"line":22,"column":45}},"22":{"start":{"line":23,"column":0},"end":{"line":23,"column":180}},"23":{"start":{"line":24,"column":0},"end":{"line":24,"column":0}},"24":{"start":{"line":25,"column":0},"end":{"line":25,"column":0}},"25":{"start":{"line":26,"column":0},"end":{"line":26,"column":0}},"26":{"start":{"line":27,"column":0},"end":{"line":27,"column":56}},"27":{"start":{"line":28,"column":0},"end":{"line":28,"column":111}},"28":{"start":{"line":29,"column":0},"end":{"line":29,"column":0}},"29":{"start":{"line":30,"column":0},"end":{"line":30,"column":63}},"30":{"start":{"line":31,"column":0},"end":{"line":31,"column":188}},"31":{"start":{"line":32,"column":0},"end":{"line":32,"column":0}},"32":{"start":{"line":33,"column":0},"end":{"line":33,"column":0}},"33":{"start":{"line":34,"column":0},"end":{"line":34,"column":0}},"34":{"start":{"line":35,"column":0},"end":{"line":35,"column":61}},"35":{"start":{"line":36,"column":0},"end":{"line":36,"column":0}},"36":{"start":{"line":37,"column":0},"end":{"line":37,"column":85}},"37":{"start":{"line":38,"column":0},"end":{"line":38,"column":0}},"38":{"start":{"line":39,"column":0},"end":{"line":39,"column":0}},"39":{"start":{"line":40,"column":0},"end":{"line":40,"column":62}},"40":{"start":{"line":41,"column":0},"end":{"line":41,"column":0}},"41":{"start":{"line":42,"column":0},"end":{"line":42,"column":54}},"42":{"start":{"line":43,"column":0},"end":{"line":43,"column":0}},"43":{"start":{"line":44,"column":0},"end":{"line":44,"column":113}},"44":{"start":{"line":45,"column":0},"end":{"line":45,"column":0}},"45":{"start":{"line":46,"column":0},"end":{"line":46,"column":130}},"46":{"start":{"line":47,"column":0},"end":{"line":47,"column":0}},"47":{"start":{"line":48,"column":0},"end":{"line":48,"column":0}},"48":{"start":{"line":49,"column":0},"end":{"line":49,"column":67}},"49":{"start":{"line":50,"column":0},"end":{"line":50,"column":0}},"50":{"start":{"line":51,"column":0},"end":{"line":51,"column":97}},"51":{"start":{"line":52,"column":0},"end":{"line":52,"column":0}},"52":{"start":{"line":53,"column":0},"end":{"line":53,"column":55}},"53":{"start":{"line":54,"column":0},"end":{"line":54,"column":27}},"54":{"start":{"line":55,"column":0},"end":{"line":55,"column":38}},"55":{"start":{"line":56,"column":0},"end":{"line":56,"column":63}},"56":{"start":{"line":57,"column":0},"end":{"line":57,"column":0}},"57":{"start":{"line":58,"column":0},"end":{"line":58,"column":0}},"58":{"start":{"line":59,"column":0},"end":{"line":59,"column":96}},"59":{"start":{"line":60,"column":0},"end":{"line":60,"column":0}},"60":{"start":{"line":61,"column":0},"end":{"line":61,"column":67}},"61":{"start":{"line":62,"column":0},"end":{"line":62,"column":72}},"62":{"start":{"line":63,"column":0},"end":{"line":63,"column":0}},"63":{"start":{"line":64,"column":0},"end":{"line":64,"column":61}},"64":{"start":{"line":65,"column":0},"end":{"line":65,"column":0}},"65":{"start":{"line":66,"column":0},"end":{"line":66,"column":54}},"66":{"start":{"line":67,"column":0},"end":{"line":67,"column":0}},"67":{"start":{"line":68,"column":0},"end":{"line":68,"column":0}},"68":{"start":{"line":69,"column":0},"end":{"line":69,"column":104}},"69":{"start":{"line":70,"column":0},"end":{"line":70,"column":0}},"70":{"start":{"line":71,"column":0},"end":{"line":71,"column":0}},"71":{"start":{"line":72,"column":0},"end":{"line":72,"column":86}},"72":{"start":{"line":73,"column":0},"end":{"line":73,"column":0}},"73":{"start":{"line":74,"column":0},"end":{"line":74,"column":71}},"74":{"start":{"line":75,"column":0},"end":{"line":75,"column":0}},"75":{"start":{"line":76,"column":0},"end":{"line":76,"column":85}},"76":{"start":{"line":77,"column":0},"end":{"line":77,"column":0}},"77":{"start":{"line":78,"column":0},"end":{"line":78,"column":0}},"78":{"start":{"line":79,"column":0},"end":{"line":79,"column":0}},"79":{"start":{"line":80,"column":0},"end":{"line":80,"column":122}},"80":{"start":{"line":81,"column":0},"end":{"line":81,"column":0}},"81":{"start":{"line":82,"column":0},"end":{"line":82,"column":69}},"82":{"start":{"line":83,"column":0},"end":{"line":83,"column":0}},"83":{"start":{"line":84,"column":0},"end":{"line":84,"column":80}},"84":{"start":{"line":85,"column":0},"end":{"line":85,"column":0}},"85":{"start":{"line":86,"column":0},"end":{"line":86,"column":0}},"86":{"start":{"line":87,"column":0},"end":{"line":87,"column":65}},"87":{"start":{"line":88,"column":0},"end":{"line":88,"column":0}},"88":{"start":{"line":89,"column":0},"end":{"line":89,"column":0}},"89":{"start":{"line":90,"column":0},"end":{"line":90,"column":67}},"90":{"start":{"line":91,"column":0},"end":{"line":91,"column":0}},"91":{"start":{"line":92,"column":0},"end":{"line":92,"column":0}},"92":{"start":{"line":93,"column":0},"end":{"line":93,"column":73}},"93":{"start":{"line":94,"column":0},"end":{"line":94,"column":55}},"94":{"start":{"line":95,"column":0},"end":{"line":95,"column":28}},"95":{"start":{"line":96,"column":0},"end":{"line":96,"column":0}},"96":{"start":{"line":97,"column":0},"end":{"line":97,"column":145}},"97":{"start":{"line":98,"column":0},"end":{"line":98,"column":25}},"98":{"start":{"line":99,"column":0},"end":{"line":99,"column":6}},"99":{"start":{"line":100,"column":0},"end":{"line":100,"column":0}},"100":{"start":{"line":101,"column":0},"end":{"line":101,"column":0}},"101":{"start":{"line":102,"column":0},"end":{"line":102,"column":0}},"102":{"start":{"line":103,"column":0},"end":{"line":103,"column":26}},"103":{"start":{"line":104,"column":0},"end":{"line":104,"column":111}},"104":{"start":{"line":105,"column":0},"end":{"line":105,"column":40}},"105":{"start":{"line":106,"column":0},"end":{"line":106,"column":6}},"106":{"start":{"line":107,"column":0},"end":{"line":107,"column":0}},"107":{"start":{"line":108,"column":0},"end":{"line":108,"column":25}},"108":{"start":{"line":109,"column":0},"end":{"line":109,"column":94}},"109":{"start":{"line":110,"column":0},"end":{"line":110,"column":121}},"110":{"start":{"line":111,"column":0},"end":{"line":111,"column":5}},"111":{"start":{"line":112,"column":0},"end":{"line":112,"column":0}},"112":{"start":{"line":113,"column":0},"end":{"line":113,"column":0}},"113":{"start":{"line":114,"column":0},"end":{"line":114,"column":1}},"114":{"start":{"line":115,"column":0},"end":{"line":115,"column":0}},"115":{"start":{"line":116,"column":0},"end":{"line":116,"column":54}},"116":{"start":{"line":117,"column":0},"end":{"line":117,"column":0}},"117":{"start":{"line":118,"column":0},"end":{"line":118,"column":48}},"118":{"start":{"line":119,"column":0},"end":{"line":119,"column":0}},"119":{"start":{"line":120,"column":0},"end":{"line":120,"column":69}},"120":{"start":{"line":121,"column":0},"end":{"line":121,"column":86}},"121":{"start":{"line":122,"column":0},"end":{"line":122,"column":2}},"122":{"start":{"line":123,"column":0},"end":{"line":123,"column":0}},"123":{"start":{"line":124,"column":0},"end":{"line":124,"column":66}},"124":{"start":{"line":125,"column":0},"end":{"line":125,"column":32}},"125":{"start":{"line":126,"column":0},"end":{"line":126,"column":26}},"126":{"start":{"line":127,"column":0},"end":{"line":127,"column":20}},"127":{"start":{"line":128,"column":0},"end":{"line":128,"column":20}},"128":{"start":{"line":129,"column":0},"end":{"line":129,"column":42}},"129":{"start":{"line":130,"column":0},"end":{"line":130,"column":42}},"130":{"start":{"line":131,"column":0},"end":{"line":131,"column":14}},"131":{"start":{"line":132,"column":0},"end":{"line":132,"column":30}},"132":{"start":{"line":133,"column":0},"end":{"line":133,"column":9}},"133":{"start":{"line":134,"column":0},"end":{"line":134,"column":19}},"134":{"start":{"line":135,"column":0},"end":{"line":135,"column":7}},"135":{"start":{"line":136,"column":0},"end":{"line":136,"column":0}},"136":{"start":{"line":137,"column":0},"end":{"line":137,"column":2}},"137":{"start":{"line":138,"column":0},"end":{"line":138,"column":0}},"138":{"start":{"line":139,"column":0},"end":{"line":139,"column":0}},"139":{"start":{"line":140,"column":0},"end":{"line":140,"column":0}},"140":{"start":{"line":141,"column":0},"end":{"line":141,"column":49}},"141":{"start":{"line":142,"column":0},"end":{"line":142,"column":29}},"142":{"start":{"line":143,"column":0},"end":{"line":143,"column":37}},"143":{"start":{"line":144,"column":0},"end":{"line":144,"column":19}},"144":{"start":{"line":145,"column":0},"end":{"line":145,"column":77}},"145":{"start":{"line":146,"column":0},"end":{"line":146,"column":47}},"146":{"start":{"line":147,"column":0},"end":{"line":147,"column":25}},"147":{"start":{"line":148,"column":0},"end":{"line":148,"column":11}},"148":{"start":{"line":149,"column":0},"end":{"line":149,"column":0}},"149":{"start":{"line":150,"column":0},"end":{"line":150,"column":7}},"150":{"start":{"line":151,"column":0},"end":{"line":151,"column":0}},"151":{"start":{"line":152,"column":0},"end":{"line":152,"column":74}},"152":{"start":{"line":153,"column":0},"end":{"line":153,"column":112}},"153":{"start":{"line":154,"column":0},"end":{"line":154,"column":32}},"154":{"start":{"line":155,"column":0},"end":{"line":155,"column":15}},"155":{"start":{"line":156,"column":0},"end":{"line":156,"column":12}},"156":{"start":{"line":157,"column":0},"end":{"line":157,"column":38}},"157":{"start":{"line":158,"column":0},"end":{"line":158,"column":55}},"158":{"start":{"line":159,"column":0},"end":{"line":159,"column":21}},"159":{"start":{"line":160,"column":0},"end":{"line":160,"column":7}},"160":{"start":{"line":161,"column":0},"end":{"line":161,"column":0}},"161":{"start":{"line":162,"column":0},"end":{"line":162,"column":2}},"162":{"start":{"line":163,"column":0},"end":{"line":163,"column":0}},"163":{"start":{"line":164,"column":0},"end":{"line":164,"column":0}},"164":{"start":{"line":165,"column":0},"end":{"line":165,"column":44}},"165":{"start":{"line":166,"column":0},"end":{"line":166,"column":47}},"166":{"start":{"line":167,"column":0},"end":{"line":167,"column":53}},"167":{"start":{"line":168,"column":0},"end":{"line":168,"column":54}},"168":{"start":{"line":169,"column":0},"end":{"line":169,"column":52}},"169":{"start":{"line":170,"column":0},"end":{"line":170,"column":0}},"170":{"start":{"line":171,"column":0},"end":{"line":171,"column":0}},"171":{"start":{"line":172,"column":0},"end":{"line":172,"column":31}},"172":{"start":{"line":173,"column":0},"end":{"line":173,"column":11}},"173":{"start":{"line":174,"column":0},"end":{"line":174,"column":8}},"174":{"start":{"line":175,"column":0},"end":{"line":175,"column":38}},"175":{"start":{"line":176,"column":0},"end":{"line":176,"column":48}},"176":{"start":{"line":177,"column":0},"end":{"line":177,"column":5}},"177":{"start":{"line":178,"column":0},"end":{"line":178,"column":15}},"178":{"start":{"line":179,"column":0},"end":{"line":179,"column":2}},"179":{"start":{"line":180,"column":0},"end":{"line":180,"column":0}},"180":{"start":{"line":181,"column":0},"end":{"line":181,"column":60}},"181":{"start":{"line":182,"column":0},"end":{"line":182,"column":18}},"182":{"start":{"line":183,"column":0},"end":{"line":183,"column":127}},"183":{"start":{"line":184,"column":0},"end":{"line":184,"column":0}},"184":{"start":{"line":185,"column":0},"end":{"line":185,"column":0}},"185":{"start":{"line":186,"column":0},"end":{"line":186,"column":0}},"186":{"start":{"line":187,"column":0},"end":{"line":187,"column":0}},"187":{"start":{"line":188,"column":0},"end":{"line":188,"column":177}},"188":{"start":{"line":189,"column":0},"end":{"line":189,"column":0}},"189":{"start":{"line":190,"column":0},"end":{"line":190,"column":0}},"190":{"start":{"line":191,"column":0},"end":{"line":191,"column":47}},"191":{"start":{"line":192,"column":0},"end":{"line":192,"column":93}},"192":{"start":{"line":193,"column":0},"end":{"line":193,"column":65}},"193":{"start":{"line":194,"column":0},"end":{"line":194,"column":0}},"194":{"start":{"line":195,"column":0},"end":{"line":195,"column":0}},"195":{"start":{"line":196,"column":0},"end":{"line":196,"column":58}},"196":{"start":{"line":197,"column":0},"end":{"line":197,"column":0}},"197":{"start":{"line":198,"column":0},"end":{"line":198,"column":0}},"198":{"start":{"line":199,"column":0},"end":{"line":199,"column":0}},"199":{"start":{"line":200,"column":0},"end":{"line":200,"column":78}},"200":{"start":{"line":201,"column":0},"end":{"line":201,"column":0}},"201":{"start":{"line":202,"column":0},"end":{"line":202,"column":0}},"202":{"start":{"line":203,"column":0},"end":{"line":203,"column":37}},"203":{"start":{"line":204,"column":0},"end":{"line":204,"column":0}},"204":{"start":{"line":205,"column":0},"end":{"line":205,"column":0}},"205":{"start":{"line":206,"column":0},"end":{"line":206,"column":46}},"206":{"start":{"line":207,"column":0},"end":{"line":207,"column":0}},"207":{"start":{"line":208,"column":0},"end":{"line":208,"column":48}},"208":{"start":{"line":209,"column":0},"end":{"line":209,"column":0}},"209":{"start":{"line":210,"column":0},"end":{"line":210,"column":0}},"210":{"start":{"line":211,"column":0},"end":{"line":211,"column":0}},"211":{"start":{"line":212,"column":0},"end":{"line":212,"column":0}},"212":{"start":{"line":213,"column":0},"end":{"line":213,"column":66}},"213":{"start":{"line":214,"column":0},"end":{"line":214,"column":0}},"214":{"start":{"line":215,"column":0},"end":{"line":215,"column":0}},"215":{"start":{"line":216,"column":0},"end":{"line":216,"column":67}},"216":{"start":{"line":217,"column":0},"end":{"line":217,"column":0}},"217":{"start":{"line":218,"column":0},"end":{"line":218,"column":0}},"218":{"start":{"line":219,"column":0},"end":{"line":219,"column":62}},"219":{"start":{"line":220,"column":0},"end":{"line":220,"column":76}},"220":{"start":{"line":221,"column":0},"end":{"line":221,"column":0}},"221":{"start":{"line":222,"column":0},"end":{"line":222,"column":0}},"222":{"start":{"line":223,"column":0},"end":{"line":223,"column":71}},"223":{"start":{"line":224,"column":0},"end":{"line":224,"column":0}},"224":{"start":{"line":225,"column":0},"end":{"line":225,"column":0}},"225":{"start":{"line":226,"column":0},"end":{"line":226,"column":89}},"226":{"start":{"line":227,"column":0},"end":{"line":227,"column":0}},"227":{"start":{"line":228,"column":0},"end":{"line":228,"column":0}},"228":{"start":{"line":229,"column":0},"end":{"line":229,"column":30}},"229":{"start":{"line":230,"column":0},"end":{"line":230,"column":0}},"230":{"start":{"line":231,"column":0},"end":{"line":231,"column":0}},"231":{"start":{"line":232,"column":0},"end":{"line":232,"column":34}},"232":{"start":{"line":233,"column":0},"end":{"line":233,"column":0}},"233":{"start":{"line":234,"column":0},"end":{"line":234,"column":0}},"234":{"start":{"line":235,"column":0},"end":{"line":235,"column":35}},"235":{"start":{"line":236,"column":0},"end":{"line":236,"column":0}},"236":{"start":{"line":237,"column":0},"end":{"line":237,"column":0}},"237":{"start":{"line":238,"column":0},"end":{"line":238,"column":57}},"238":{"start":{"line":239,"column":0},"end":{"line":239,"column":0}},"239":{"start":{"line":240,"column":0},"end":{"line":240,"column":50}},"240":{"start":{"line":241,"column":0},"end":{"line":241,"column":0}},"241":{"start":{"line":242,"column":0},"end":{"line":242,"column":0}},"242":{"start":{"line":243,"column":0},"end":{"line":243,"column":0}},"243":{"start":{"line":244,"column":0},"end":{"line":244,"column":97}},"244":{"start":{"line":245,"column":0},"end":{"line":245,"column":0}},"245":{"start":{"line":246,"column":0},"end":{"line":246,"column":27}},"246":{"start":{"line":247,"column":0},"end":{"line":247,"column":0}},"247":{"start":{"line":248,"column":0},"end":{"line":248,"column":13}},"248":{"start":{"line":249,"column":0},"end":{"line":249,"column":0}},"249":{"start":{"line":250,"column":0},"end":{"line":250,"column":0}},"250":{"start":{"line":251,"column":0},"end":{"line":251,"column":0}},"251":{"start":{"line":252,"column":0},"end":{"line":252,"column":90}},"252":{"start":{"line":253,"column":0},"end":{"line":253,"column":0}},"253":{"start":{"line":254,"column":0},"end":{"line":254,"column":23}},"254":{"start":{"line":255,"column":0},"end":{"line":255,"column":0}},"255":{"start":{"line":256,"column":0},"end":{"line":256,"column":9}},"256":{"start":{"line":257,"column":0},"end":{"line":257,"column":0}},"257":{"start":{"line":258,"column":0},"end":{"line":258,"column":0}},"258":{"start":{"line":259,"column":0},"end":{"line":259,"column":34}},"259":{"start":{"line":260,"column":0},"end":{"line":260,"column":0}},"260":{"start":{"line":261,"column":0},"end":{"line":261,"column":0}},"261":{"start":{"line":262,"column":0},"end":{"line":262,"column":0}},"262":{"start":{"line":263,"column":0},"end":{"line":263,"column":90}},"263":{"start":{"line":264,"column":0},"end":{"line":264,"column":0}},"264":{"start":{"line":265,"column":0},"end":{"line":265,"column":0}},"265":{"start":{"line":266,"column":0},"end":{"line":266,"column":23}},"266":{"start":{"line":267,"column":0},"end":{"line":267,"column":0}},"267":{"start":{"line":268,"column":0},"end":{"line":268,"column":9}},"268":{"start":{"line":269,"column":0},"end":{"line":269,"column":0}},"269":{"start":{"line":270,"column":0},"end":{"line":270,"column":0}},"270":{"start":{"line":271,"column":0},"end":{"line":271,"column":33}},"271":{"start":{"line":272,"column":0},"end":{"line":272,"column":0}},"272":{"start":{"line":273,"column":0},"end":{"line":273,"column":0}},"273":{"start":{"line":274,"column":0},"end":{"line":274,"column":44}},"274":{"start":{"line":275,"column":0},"end":{"line":275,"column":0}},"275":{"start":{"line":276,"column":0},"end":{"line":276,"column":0}},"276":{"start":{"line":277,"column":0},"end":{"line":277,"column":94}},"277":{"start":{"line":278,"column":0},"end":{"line":278,"column":0}},"278":{"start":{"line":279,"column":0},"end":{"line":279,"column":0}},"279":{"start":{"line":280,"column":0},"end":{"line":280,"column":46}},"280":{"start":{"line":281,"column":0},"end":{"line":281,"column":0}},"281":{"start":{"line":282,"column":0},"end":{"line":282,"column":33}},"282":{"start":{"line":283,"column":0},"end":{"line":283,"column":29}},"283":{"start":{"line":284,"column":0},"end":{"line":284,"column":109}},"284":{"start":{"line":285,"column":0},"end":{"line":285,"column":21}},"285":{"start":{"line":286,"column":0},"end":{"line":286,"column":0}},"286":{"start":{"line":287,"column":0},"end":{"line":287,"column":31}},"287":{"start":{"line":288,"column":0},"end":{"line":288,"column":17}},"288":{"start":{"line":289,"column":0},"end":{"line":289,"column":0}},"289":{"start":{"line":290,"column":0},"end":{"line":290,"column":40}},"290":{"start":{"line":291,"column":0},"end":{"line":291,"column":49}},"291":{"start":{"line":292,"column":0},"end":{"line":292,"column":62}},"292":{"start":{"line":293,"column":0},"end":{"line":293,"column":17}},"293":{"start":{"line":294,"column":0},"end":{"line":294,"column":0}},"294":{"start":{"line":295,"column":0},"end":{"line":295,"column":0}},"295":{"start":{"line":296,"column":0},"end":{"line":296,"column":27}},"296":{"start":{"line":297,"column":0},"end":{"line":297,"column":13}},"297":{"start":{"line":298,"column":0},"end":{"line":298,"column":0}},"298":{"start":{"line":299,"column":0},"end":{"line":299,"column":90}},"299":{"start":{"line":300,"column":0},"end":{"line":300,"column":0}},"300":{"start":{"line":301,"column":0},"end":{"line":301,"column":0}},"301":{"start":{"line":302,"column":0},"end":{"line":302,"column":0}},"302":{"start":{"line":303,"column":0},"end":{"line":303,"column":23}},"303":{"start":{"line":304,"column":0},"end":{"line":304,"column":9}},"304":{"start":{"line":305,"column":0},"end":{"line":305,"column":0}},"305":{"start":{"line":306,"column":0},"end":{"line":306,"column":0}},"306":{"start":{"line":307,"column":0},"end":{"line":307,"column":0}},"307":{"start":{"line":308,"column":0},"end":{"line":308,"column":0}},"308":{"start":{"line":309,"column":0},"end":{"line":309,"column":0}},"309":{"start":{"line":310,"column":0},"end":{"line":310,"column":0}},"310":{"start":{"line":311,"column":0},"end":{"line":311,"column":5}},"311":{"start":{"line":312,"column":0},"end":{"line":312,"column":0}},"312":{"start":{"line":313,"column":0},"end":{"line":313,"column":0}},"313":{"start":{"line":314,"column":0},"end":{"line":314,"column":0}},"314":{"start":{"line":315,"column":0},"end":{"line":315,"column":69}},"315":{"start":{"line":316,"column":0},"end":{"line":316,"column":0}},"316":{"start":{"line":317,"column":0},"end":{"line":317,"column":0}},"317":{"start":{"line":318,"column":0},"end":{"line":318,"column":17}},"318":{"start":{"line":319,"column":0},"end":{"line":319,"column":0}},"319":{"start":{"line":320,"column":0},"end":{"line":320,"column":0}},"320":{"start":{"line":321,"column":0},"end":{"line":321,"column":34}},"321":{"start":{"line":322,"column":0},"end":{"line":322,"column":0}},"322":{"start":{"line":323,"column":0},"end":{"line":323,"column":36}},"323":{"start":{"line":324,"column":0},"end":{"line":324,"column":0}},"324":{"start":{"line":325,"column":0},"end":{"line":325,"column":63}},"325":{"start":{"line":326,"column":0},"end":{"line":326,"column":0}},"326":{"start":{"line":327,"column":0},"end":{"line":327,"column":27}},"327":{"start":{"line":328,"column":0},"end":{"line":328,"column":0}},"328":{"start":{"line":329,"column":0},"end":{"line":329,"column":13}},"329":{"start":{"line":330,"column":0},"end":{"line":330,"column":0}},"330":{"start":{"line":331,"column":0},"end":{"line":331,"column":0}},"331":{"start":{"line":332,"column":0},"end":{"line":332,"column":106}},"332":{"start":{"line":333,"column":0},"end":{"line":333,"column":0}},"333":{"start":{"line":334,"column":0},"end":{"line":334,"column":0}},"334":{"start":{"line":335,"column":0},"end":{"line":335,"column":23}},"335":{"start":{"line":336,"column":0},"end":{"line":336,"column":0}},"336":{"start":{"line":337,"column":0},"end":{"line":337,"column":9}},"337":{"start":{"line":338,"column":0},"end":{"line":338,"column":0}},"338":{"start":{"line":339,"column":0},"end":{"line":339,"column":0}},"339":{"start":{"line":340,"column":0},"end":{"line":340,"column":0}},"340":{"start":{"line":341,"column":0},"end":{"line":341,"column":34}},"341":{"start":{"line":342,"column":0},"end":{"line":342,"column":0}},"342":{"start":{"line":343,"column":0},"end":{"line":343,"column":59}},"343":{"start":{"line":344,"column":0},"end":{"line":344,"column":0}},"344":{"start":{"line":345,"column":0},"end":{"line":345,"column":23}},"345":{"start":{"line":346,"column":0},"end":{"line":346,"column":9}},"346":{"start":{"line":347,"column":0},"end":{"line":347,"column":0}},"347":{"start":{"line":348,"column":0},"end":{"line":348,"column":0}},"348":{"start":{"line":349,"column":0},"end":{"line":349,"column":33}},"349":{"start":{"line":350,"column":0},"end":{"line":350,"column":0}},"350":{"start":{"line":351,"column":0},"end":{"line":351,"column":59}},"351":{"start":{"line":352,"column":0},"end":{"line":352,"column":0}},"352":{"start":{"line":353,"column":0},"end":{"line":353,"column":0}},"353":{"start":{"line":354,"column":0},"end":{"line":354,"column":0}},"354":{"start":{"line":355,"column":0},"end":{"line":355,"column":23}},"355":{"start":{"line":356,"column":0},"end":{"line":356,"column":0}},"356":{"start":{"line":357,"column":0},"end":{"line":357,"column":9}},"357":{"start":{"line":358,"column":0},"end":{"line":358,"column":0}},"358":{"start":{"line":359,"column":0},"end":{"line":359,"column":0}},"359":{"start":{"line":360,"column":0},"end":{"line":360,"column":0}},"360":{"start":{"line":361,"column":0},"end":{"line":361,"column":5}},"361":{"start":{"line":362,"column":0},"end":{"line":362,"column":0}},"362":{"start":{"line":363,"column":0},"end":{"line":363,"column":16}},"363":{"start":{"line":364,"column":0},"end":{"line":364,"column":0}},"364":{"start":{"line":365,"column":0},"end":{"line":365,"column":0}},"365":{"start":{"line":366,"column":0},"end":{"line":366,"column":2}},"366":{"start":{"line":367,"column":0},"end":{"line":367,"column":0}},"367":{"start":{"line":368,"column":0},"end":{"line":368,"column":0}},"368":{"start":{"line":369,"column":0},"end":{"line":369,"column":185}},"369":{"start":{"line":370,"column":0},"end":{"line":370,"column":0}},"370":{"start":{"line":371,"column":0},"end":{"line":371,"column":0}},"371":{"start":{"line":372,"column":0},"end":{"line":372,"column":47}},"372":{"start":{"line":373,"column":0},"end":{"line":373,"column":87}},"373":{"start":{"line":374,"column":0},"end":{"line":374,"column":83}},"374":{"start":{"line":375,"column":0},"end":{"line":375,"column":0}},"375":{"start":{"line":376,"column":0},"end":{"line":376,"column":0}},"376":{"start":{"line":377,"column":0},"end":{"line":377,"column":0}},"377":{"start":{"line":378,"column":0},"end":{"line":378,"column":58}},"378":{"start":{"line":379,"column":0},"end":{"line":379,"column":0}},"379":{"start":{"line":380,"column":0},"end":{"line":380,"column":0}},"380":{"start":{"line":381,"column":0},"end":{"line":381,"column":96}},"381":{"start":{"line":382,"column":0},"end":{"line":382,"column":0}},"382":{"start":{"line":383,"column":0},"end":{"line":383,"column":0}},"383":{"start":{"line":384,"column":0},"end":{"line":384,"column":37}},"384":{"start":{"line":385,"column":0},"end":{"line":385,"column":0}},"385":{"start":{"line":386,"column":0},"end":{"line":386,"column":0}},"386":{"start":{"line":387,"column":0},"end":{"line":387,"column":57}},"387":{"start":{"line":388,"column":0},"end":{"line":388,"column":0}},"388":{"start":{"line":389,"column":0},"end":{"line":389,"column":66}},"389":{"start":{"line":390,"column":0},"end":{"line":390,"column":0}},"390":{"start":{"line":391,"column":0},"end":{"line":391,"column":0}},"391":{"start":{"line":392,"column":0},"end":{"line":392,"column":54}},"392":{"start":{"line":393,"column":0},"end":{"line":393,"column":0}},"393":{"start":{"line":394,"column":0},"end":{"line":394,"column":0}},"394":{"start":{"line":395,"column":0},"end":{"line":395,"column":0}},"395":{"start":{"line":396,"column":0},"end":{"line":396,"column":0}},"396":{"start":{"line":397,"column":0},"end":{"line":397,"column":48}},"397":{"start":{"line":398,"column":0},"end":{"line":398,"column":0}},"398":{"start":{"line":399,"column":0},"end":{"line":399,"column":0}},"399":{"start":{"line":400,"column":0},"end":{"line":400,"column":34}},"400":{"start":{"line":401,"column":0},"end":{"line":401,"column":0}},"401":{"start":{"line":402,"column":0},"end":{"line":402,"column":0}},"402":{"start":{"line":403,"column":0},"end":{"line":403,"column":0}},"403":{"start":{"line":404,"column":0},"end":{"line":404,"column":102}},"404":{"start":{"line":405,"column":0},"end":{"line":405,"column":0}},"405":{"start":{"line":406,"column":0},"end":{"line":406,"column":0}},"406":{"start":{"line":407,"column":0},"end":{"line":407,"column":23}},"407":{"start":{"line":408,"column":0},"end":{"line":408,"column":0}},"408":{"start":{"line":409,"column":0},"end":{"line":409,"column":9}},"409":{"start":{"line":410,"column":0},"end":{"line":410,"column":0}},"410":{"start":{"line":411,"column":0},"end":{"line":411,"column":0}},"411":{"start":{"line":412,"column":0},"end":{"line":412,"column":33}},"412":{"start":{"line":413,"column":0},"end":{"line":413,"column":0}},"413":{"start":{"line":414,"column":0},"end":{"line":414,"column":0}},"414":{"start":{"line":415,"column":0},"end":{"line":415,"column":0}},"415":{"start":{"line":416,"column":0},"end":{"line":416,"column":25}},"416":{"start":{"line":417,"column":0},"end":{"line":417,"column":39}},"417":{"start":{"line":418,"column":0},"end":{"line":418,"column":26}},"418":{"start":{"line":419,"column":0},"end":{"line":419,"column":30}},"419":{"start":{"line":420,"column":0},"end":{"line":420,"column":47}},"420":{"start":{"line":421,"column":0},"end":{"line":421,"column":19}},"421":{"start":{"line":422,"column":0},"end":{"line":422,"column":13}},"422":{"start":{"line":423,"column":0},"end":{"line":423,"column":0}},"423":{"start":{"line":424,"column":0},"end":{"line":424,"column":0}},"424":{"start":{"line":425,"column":0},"end":{"line":425,"column":0}},"425":{"start":{"line":426,"column":0},"end":{"line":426,"column":23}},"426":{"start":{"line":427,"column":0},"end":{"line":427,"column":9}},"427":{"start":{"line":428,"column":0},"end":{"line":428,"column":0}},"428":{"start":{"line":429,"column":0},"end":{"line":429,"column":0}},"429":{"start":{"line":430,"column":0},"end":{"line":430,"column":5}},"430":{"start":{"line":431,"column":0},"end":{"line":431,"column":0}},"431":{"start":{"line":432,"column":0},"end":{"line":432,"column":55}},"432":{"start":{"line":433,"column":0},"end":{"line":433,"column":0}},"433":{"start":{"line":434,"column":0},"end":{"line":434,"column":0}},"434":{"start":{"line":435,"column":0},"end":{"line":435,"column":17}},"435":{"start":{"line":436,"column":0},"end":{"line":436,"column":0}},"436":{"start":{"line":437,"column":0},"end":{"line":437,"column":34}},"437":{"start":{"line":438,"column":0},"end":{"line":438,"column":0}},"438":{"start":{"line":439,"column":0},"end":{"line":439,"column":53}},"439":{"start":{"line":440,"column":0},"end":{"line":440,"column":0}},"440":{"start":{"line":441,"column":0},"end":{"line":441,"column":23}},"441":{"start":{"line":442,"column":0},"end":{"line":442,"column":9}},"442":{"start":{"line":443,"column":0},"end":{"line":443,"column":0}},"443":{"start":{"line":444,"column":0},"end":{"line":444,"column":0}},"444":{"start":{"line":445,"column":0},"end":{"line":445,"column":33}},"445":{"start":{"line":446,"column":0},"end":{"line":446,"column":0}},"446":{"start":{"line":447,"column":0},"end":{"line":447,"column":52}},"447":{"start":{"line":448,"column":0},"end":{"line":448,"column":0}},"448":{"start":{"line":449,"column":0},"end":{"line":449,"column":0}},"449":{"start":{"line":450,"column":0},"end":{"line":450,"column":0}},"450":{"start":{"line":451,"column":0},"end":{"line":451,"column":23}},"451":{"start":{"line":452,"column":0},"end":{"line":452,"column":0}},"452":{"start":{"line":453,"column":0},"end":{"line":453,"column":9}},"453":{"start":{"line":454,"column":0},"end":{"line":454,"column":0}},"454":{"start":{"line":455,"column":0},"end":{"line":455,"column":5}},"455":{"start":{"line":456,"column":0},"end":{"line":456,"column":0}},"456":{"start":{"line":457,"column":0},"end":{"line":457,"column":0}},"457":{"start":{"line":458,"column":0},"end":{"line":458,"column":16}},"458":{"start":{"line":459,"column":0},"end":{"line":459,"column":0}},"459":{"start":{"line":460,"column":0},"end":{"line":460,"column":2}},"460":{"start":{"line":461,"column":0},"end":{"line":461,"column":0}},"461":{"start":{"line":462,"column":0},"end":{"line":462,"column":0}},"462":{"start":{"line":463,"column":0},"end":{"line":463,"column":62}},"463":{"start":{"line":464,"column":0},"end":{"line":464,"column":13}},"464":{"start":{"line":465,"column":0},"end":{"line":465,"column":26}},"465":{"start":{"line":466,"column":0},"end":{"line":466,"column":32}},"466":{"start":{"line":467,"column":0},"end":{"line":467,"column":37}},"467":{"start":{"line":468,"column":0},"end":{"line":468,"column":9}},"468":{"start":{"line":469,"column":0},"end":{"line":469,"column":34}},"469":{"start":{"line":470,"column":0},"end":{"line":470,"column":37}},"470":{"start":{"line":471,"column":0},"end":{"line":471,"column":10}},"471":{"start":{"line":472,"column":0},"end":{"line":472,"column":63}},"472":{"start":{"line":473,"column":0},"end":{"line":473,"column":0}},"473":{"start":{"line":474,"column":0},"end":{"line":474,"column":50}},"474":{"start":{"line":475,"column":0},"end":{"line":475,"column":51}},"475":{"start":{"line":476,"column":0},"end":{"line":476,"column":43}},"476":{"start":{"line":477,"column":0},"end":{"line":477,"column":0}},"477":{"start":{"line":478,"column":0},"end":{"line":478,"column":6}},"478":{"start":{"line":479,"column":0},"end":{"line":479,"column":53}},"479":{"start":{"line":480,"column":0},"end":{"line":480,"column":32}},"480":{"start":{"line":481,"column":0},"end":{"line":481,"column":26}},"481":{"start":{"line":482,"column":0},"end":{"line":482,"column":21}},"482":{"start":{"line":483,"column":0},"end":{"line":483,"column":23}},"483":{"start":{"line":484,"column":0},"end":{"line":484,"column":5}},"484":{"start":{"line":485,"column":0},"end":{"line":485,"column":6}},"485":{"start":{"line":486,"column":0},"end":{"line":486,"column":0}},"486":{"start":{"line":487,"column":0},"end":{"line":487,"column":53}},"487":{"start":{"line":488,"column":0},"end":{"line":488,"column":0}},"488":{"start":{"line":489,"column":0},"end":{"line":489,"column":98}},"489":{"start":{"line":490,"column":0},"end":{"line":490,"column":68}},"490":{"start":{"line":491,"column":0},"end":{"line":491,"column":0}},"491":{"start":{"line":492,"column":0},"end":{"line":492,"column":0}},"492":{"start":{"line":493,"column":0},"end":{"line":493,"column":77}},"493":{"start":{"line":494,"column":0},"end":{"line":494,"column":0}},"494":{"start":{"line":495,"column":0},"end":{"line":495,"column":0}},"495":{"start":{"line":496,"column":0},"end":{"line":496,"column":75}},"496":{"start":{"line":497,"column":0},"end":{"line":497,"column":81}},"497":{"start":{"line":498,"column":0},"end":{"line":498,"column":0}},"498":{"start":{"line":499,"column":0},"end":{"line":499,"column":0}},"499":{"start":{"line":500,"column":0},"end":{"line":500,"column":56}},"500":{"start":{"line":501,"column":0},"end":{"line":501,"column":0}},"501":{"start":{"line":502,"column":0},"end":{"line":502,"column":50}},"502":{"start":{"line":503,"column":0},"end":{"line":503,"column":94}},"503":{"start":{"line":504,"column":0},"end":{"line":504,"column":21}},"504":{"start":{"line":505,"column":0},"end":{"line":505,"column":0}},"505":{"start":{"line":506,"column":0},"end":{"line":506,"column":0}},"506":{"start":{"line":507,"column":0},"end":{"line":507,"column":53}},"507":{"start":{"line":508,"column":0},"end":{"line":508,"column":0}},"508":{"start":{"line":509,"column":0},"end":{"line":509,"column":0}},"509":{"start":{"line":510,"column":0},"end":{"line":510,"column":17}},"510":{"start":{"line":511,"column":0},"end":{"line":511,"column":0}},"511":{"start":{"line":512,"column":0},"end":{"line":512,"column":0}},"512":{"start":{"line":513,"column":0},"end":{"line":513,"column":0}},"513":{"start":{"line":514,"column":0},"end":{"line":514,"column":53}},"514":{"start":{"line":515,"column":0},"end":{"line":515,"column":0}},"515":{"start":{"line":516,"column":0},"end":{"line":516,"column":45}},"516":{"start":{"line":517,"column":0},"end":{"line":517,"column":110}},"517":{"start":{"line":518,"column":0},"end":{"line":518,"column":0}},"518":{"start":{"line":519,"column":0},"end":{"line":519,"column":0}},"519":{"start":{"line":520,"column":0},"end":{"line":520,"column":53}},"520":{"start":{"line":521,"column":0},"end":{"line":521,"column":0}},"521":{"start":{"line":522,"column":0},"end":{"line":522,"column":0}},"522":{"start":{"line":523,"column":0},"end":{"line":523,"column":17}},"523":{"start":{"line":524,"column":0},"end":{"line":524,"column":0}},"524":{"start":{"line":525,"column":0},"end":{"line":525,"column":28}},"525":{"start":{"line":526,"column":0},"end":{"line":526,"column":0}},"526":{"start":{"line":527,"column":0},"end":{"line":527,"column":13}},"527":{"start":{"line":528,"column":0},"end":{"line":528,"column":0}},"528":{"start":{"line":529,"column":0},"end":{"line":529,"column":0}},"529":{"start":{"line":530,"column":0},"end":{"line":530,"column":15}},"530":{"start":{"line":531,"column":0},"end":{"line":531,"column":15}},"531":{"start":{"line":532,"column":0},"end":{"line":532,"column":17}},"532":{"start":{"line":533,"column":0},"end":{"line":533,"column":17}},"533":{"start":{"line":534,"column":0},"end":{"line":534,"column":18}},"534":{"start":{"line":535,"column":0},"end":{"line":535,"column":23}},"535":{"start":{"line":536,"column":0},"end":{"line":536,"column":17}},"536":{"start":{"line":537,"column":0},"end":{"line":537,"column":21}},"537":{"start":{"line":538,"column":0},"end":{"line":538,"column":23}},"538":{"start":{"line":539,"column":0},"end":{"line":539,"column":24}},"539":{"start":{"line":540,"column":0},"end":{"line":540,"column":20}},"540":{"start":{"line":541,"column":0},"end":{"line":541,"column":20}},"541":{"start":{"line":542,"column":0},"end":{"line":542,"column":30}},"542":{"start":{"line":543,"column":0},"end":{"line":543,"column":0}},"543":{"start":{"line":544,"column":0},"end":{"line":544,"column":0}},"544":{"start":{"line":545,"column":0},"end":{"line":545,"column":31}},"545":{"start":{"line":546,"column":0},"end":{"line":546,"column":82}},"546":{"start":{"line":547,"column":0},"end":{"line":547,"column":82}},"547":{"start":{"line":548,"column":0},"end":{"line":548,"column":0}},"548":{"start":{"line":549,"column":0},"end":{"line":549,"column":72}},"549":{"start":{"line":550,"column":0},"end":{"line":550,"column":29}},"550":{"start":{"line":551,"column":0},"end":{"line":551,"column":29}},"551":{"start":{"line":552,"column":0},"end":{"line":552,"column":14}},"552":{"start":{"line":553,"column":0},"end":{"line":553,"column":72}},"553":{"start":{"line":554,"column":0},"end":{"line":554,"column":30}},"554":{"start":{"line":555,"column":0},"end":{"line":555,"column":28}},"555":{"start":{"line":556,"column":0},"end":{"line":556,"column":14}},"556":{"start":{"line":557,"column":0},"end":{"line":557,"column":0}},"557":{"start":{"line":558,"column":0},"end":{"line":558,"column":72}},"558":{"start":{"line":559,"column":0},"end":{"line":559,"column":32}},"559":{"start":{"line":560,"column":0},"end":{"line":560,"column":35}},"560":{"start":{"line":561,"column":0},"end":{"line":561,"column":14}},"561":{"start":{"line":562,"column":0},"end":{"line":562,"column":0}},"562":{"start":{"line":563,"column":0},"end":{"line":563,"column":72}},"563":{"start":{"line":564,"column":0},"end":{"line":564,"column":36}},"564":{"start":{"line":565,"column":0},"end":{"line":565,"column":31}},"565":{"start":{"line":566,"column":0},"end":{"line":566,"column":14}},"566":{"start":{"line":567,"column":0},"end":{"line":567,"column":0}},"567":{"start":{"line":568,"column":0},"end":{"line":568,"column":72}},"568":{"start":{"line":569,"column":0},"end":{"line":569,"column":33}},"569":{"start":{"line":570,"column":0},"end":{"line":570,"column":34}},"570":{"start":{"line":571,"column":0},"end":{"line":571,"column":14}},"571":{"start":{"line":572,"column":0},"end":{"line":572,"column":0}},"572":{"start":{"line":573,"column":0},"end":{"line":573,"column":72}},"573":{"start":{"line":574,"column":0},"end":{"line":574,"column":35}},"574":{"start":{"line":575,"column":0},"end":{"line":575,"column":32}},"575":{"start":{"line":576,"column":0},"end":{"line":576,"column":14}},"576":{"start":{"line":577,"column":0},"end":{"line":577,"column":0}},"577":{"start":{"line":578,"column":0},"end":{"line":578,"column":0}},"578":{"start":{"line":579,"column":0},"end":{"line":579,"column":72}},"579":{"start":{"line":580,"column":0},"end":{"line":580,"column":35}},"580":{"start":{"line":581,"column":0},"end":{"line":581,"column":35}},"581":{"start":{"line":582,"column":0},"end":{"line":582,"column":14}},"582":{"start":{"line":583,"column":0},"end":{"line":583,"column":0}},"583":{"start":{"line":584,"column":0},"end":{"line":584,"column":72}},"584":{"start":{"line":585,"column":0},"end":{"line":585,"column":36}},"585":{"start":{"line":586,"column":0},"end":{"line":586,"column":34}},"586":{"start":{"line":587,"column":0},"end":{"line":587,"column":14}},"587":{"start":{"line":588,"column":0},"end":{"line":588,"column":0}},"588":{"start":{"line":589,"column":0},"end":{"line":589,"column":72}},"589":{"start":{"line":590,"column":0},"end":{"line":590,"column":32}},"590":{"start":{"line":591,"column":0},"end":{"line":591,"column":32}},"591":{"start":{"line":592,"column":0},"end":{"line":592,"column":14}},"592":{"start":{"line":593,"column":0},"end":{"line":593,"column":72}},"593":{"start":{"line":594,"column":0},"end":{"line":594,"column":33}},"594":{"start":{"line":595,"column":0},"end":{"line":595,"column":31}},"595":{"start":{"line":596,"column":0},"end":{"line":596,"column":14}},"596":{"start":{"line":597,"column":0},"end":{"line":597,"column":0}},"597":{"start":{"line":598,"column":0},"end":{"line":598,"column":94}},"598":{"start":{"line":599,"column":0},"end":{"line":599,"column":94}},"599":{"start":{"line":600,"column":0},"end":{"line":600,"column":100}},"600":{"start":{"line":601,"column":0},"end":{"line":601,"column":111}},"601":{"start":{"line":602,"column":0},"end":{"line":602,"column":31}},"602":{"start":{"line":603,"column":0},"end":{"line":603,"column":31}},"603":{"start":{"line":604,"column":0},"end":{"line":604,"column":14}},"604":{"start":{"line":605,"column":0},"end":{"line":605,"column":0}},"605":{"start":{"line":606,"column":0},"end":{"line":606,"column":111}},"606":{"start":{"line":607,"column":0},"end":{"line":607,"column":32}},"607":{"start":{"line":608,"column":0},"end":{"line":608,"column":30}},"608":{"start":{"line":609,"column":0},"end":{"line":609,"column":14}},"609":{"start":{"line":610,"column":0},"end":{"line":610,"column":0}},"610":{"start":{"line":611,"column":0},"end":{"line":611,"column":120}},"611":{"start":{"line":612,"column":0},"end":{"line":612,"column":38}},"612":{"start":{"line":613,"column":0},"end":{"line":613,"column":33}},"613":{"start":{"line":614,"column":0},"end":{"line":614,"column":14}},"614":{"start":{"line":615,"column":0},"end":{"line":615,"column":0}},"615":{"start":{"line":616,"column":0},"end":{"line":616,"column":120}},"616":{"start":{"line":617,"column":0},"end":{"line":617,"column":35}},"617":{"start":{"line":618,"column":0},"end":{"line":618,"column":36}},"618":{"start":{"line":619,"column":0},"end":{"line":619,"column":14}},"619":{"start":{"line":620,"column":0},"end":{"line":620,"column":0}},"620":{"start":{"line":621,"column":0},"end":{"line":621,"column":0}},"621":{"start":{"line":622,"column":0},"end":{"line":622,"column":117}},"622":{"start":{"line":623,"column":0},"end":{"line":623,"column":34}},"623":{"start":{"line":624,"column":0},"end":{"line":624,"column":34}},"624":{"start":{"line":625,"column":0},"end":{"line":625,"column":14}},"625":{"start":{"line":626,"column":0},"end":{"line":626,"column":0}},"626":{"start":{"line":627,"column":0},"end":{"line":627,"column":117}},"627":{"start":{"line":628,"column":0},"end":{"line":628,"column":34}},"628":{"start":{"line":629,"column":0},"end":{"line":629,"column":34}},"629":{"start":{"line":630,"column":0},"end":{"line":630,"column":14}},"630":{"start":{"line":631,"column":0},"end":{"line":631,"column":0}},"631":{"start":{"line":632,"column":0},"end":{"line":632,"column":123}},"632":{"start":{"line":633,"column":0},"end":{"line":633,"column":38}},"633":{"start":{"line":634,"column":0},"end":{"line":634,"column":36}},"634":{"start":{"line":635,"column":0},"end":{"line":635,"column":14}},"635":{"start":{"line":636,"column":0},"end":{"line":636,"column":0}},"636":{"start":{"line":637,"column":0},"end":{"line":637,"column":123}},"637":{"start":{"line":638,"column":0},"end":{"line":638,"column":38}},"638":{"start":{"line":639,"column":0},"end":{"line":639,"column":36}},"639":{"start":{"line":640,"column":0},"end":{"line":640,"column":14}},"640":{"start":{"line":641,"column":0},"end":{"line":641,"column":0}},"641":{"start":{"line":642,"column":0},"end":{"line":642,"column":39}},"642":{"start":{"line":643,"column":0},"end":{"line":643,"column":0}},"643":{"start":{"line":644,"column":0},"end":{"line":644,"column":0}},"644":{"start":{"line":645,"column":0},"end":{"line":645,"column":29}},"645":{"start":{"line":646,"column":0},"end":{"line":646,"column":0}},"646":{"start":{"line":647,"column":0},"end":{"line":647,"column":0}},"647":{"start":{"line":648,"column":0},"end":{"line":648,"column":20}},"648":{"start":{"line":649,"column":0},"end":{"line":649,"column":86}},"649":{"start":{"line":650,"column":0},"end":{"line":650,"column":86}},"650":{"start":{"line":651,"column":0},"end":{"line":651,"column":88}},"651":{"start":{"line":652,"column":0},"end":{"line":652,"column":0}},"652":{"start":{"line":653,"column":0},"end":{"line":653,"column":96}},"653":{"start":{"line":654,"column":0},"end":{"line":654,"column":96}},"654":{"start":{"line":655,"column":0},"end":{"line":655,"column":0}},"655":{"start":{"line":656,"column":0},"end":{"line":656,"column":97}},"656":{"start":{"line":657,"column":0},"end":{"line":657,"column":97}},"657":{"start":{"line":658,"column":0},"end":{"line":658,"column":0}},"658":{"start":{"line":659,"column":0},"end":{"line":659,"column":99}},"659":{"start":{"line":660,"column":0},"end":{"line":660,"column":99}},"660":{"start":{"line":661,"column":0},"end":{"line":661,"column":0}},"661":{"start":{"line":662,"column":0},"end":{"line":662,"column":100}},"662":{"start":{"line":663,"column":0},"end":{"line":663,"column":100}},"663":{"start":{"line":664,"column":0},"end":{"line":664,"column":0}},"664":{"start":{"line":665,"column":0},"end":{"line":665,"column":102}},"665":{"start":{"line":666,"column":0},"end":{"line":666,"column":102}},"666":{"start":{"line":667,"column":0},"end":{"line":667,"column":0}},"667":{"start":{"line":668,"column":0},"end":{"line":668,"column":103}},"668":{"start":{"line":669,"column":0},"end":{"line":669,"column":103}},"669":{"start":{"line":670,"column":0},"end":{"line":670,"column":0}},"670":{"start":{"line":671,"column":0},"end":{"line":671,"column":94}},"671":{"start":{"line":672,"column":0},"end":{"line":672,"column":94}},"672":{"start":{"line":673,"column":0},"end":{"line":673,"column":92}},"673":{"start":{"line":674,"column":0},"end":{"line":674,"column":92}},"674":{"start":{"line":675,"column":0},"end":{"line":675,"column":0}},"675":{"start":{"line":676,"column":0},"end":{"line":676,"column":104}},"676":{"start":{"line":677,"column":0},"end":{"line":677,"column":137}},"677":{"start":{"line":678,"column":0},"end":{"line":678,"column":137}},"678":{"start":{"line":679,"column":0},"end":{"line":679,"column":147}},"679":{"start":{"line":680,"column":0},"end":{"line":680,"column":147}},"680":{"start":{"line":681,"column":0},"end":{"line":681,"column":0}},"681":{"start":{"line":682,"column":0},"end":{"line":682,"column":156}},"682":{"start":{"line":683,"column":0},"end":{"line":683,"column":156}},"683":{"start":{"line":684,"column":0},"end":{"line":684,"column":0}},"684":{"start":{"line":685,"column":0},"end":{"line":685,"column":45}},"685":{"start":{"line":686,"column":0},"end":{"line":686,"column":0}},"686":{"start":{"line":687,"column":0},"end":{"line":687,"column":9}},"687":{"start":{"line":688,"column":0},"end":{"line":688,"column":0}},"688":{"start":{"line":689,"column":0},"end":{"line":689,"column":0}},"689":{"start":{"line":690,"column":0},"end":{"line":690,"column":28}},"690":{"start":{"line":691,"column":0},"end":{"line":691,"column":0}},"691":{"start":{"line":692,"column":0},"end":{"line":692,"column":0}},"692":{"start":{"line":693,"column":0},"end":{"line":693,"column":0}},"693":{"start":{"line":694,"column":0},"end":{"line":694,"column":5}},"694":{"start":{"line":695,"column":0},"end":{"line":695,"column":0}},"695":{"start":{"line":696,"column":0},"end":{"line":696,"column":0}},"696":{"start":{"line":697,"column":0},"end":{"line":697,"column":45}},"697":{"start":{"line":698,"column":0},"end":{"line":698,"column":8}},"698":{"start":{"line":699,"column":0},"end":{"line":699,"column":14}},"699":{"start":{"line":700,"column":0},"end":{"line":700,"column":13}},"700":{"start":{"line":701,"column":0},"end":{"line":701,"column":8}},"701":{"start":{"line":702,"column":0},"end":{"line":702,"column":12}},"702":{"start":{"line":703,"column":0},"end":{"line":703,"column":10}},"703":{"start":{"line":704,"column":0},"end":{"line":704,"column":15}},"704":{"start":{"line":705,"column":0},"end":{"line":705,"column":10}},"705":{"start":{"line":706,"column":0},"end":{"line":706,"column":12}},"706":{"start":{"line":707,"column":0},"end":{"line":707,"column":16}},"707":{"start":{"line":708,"column":0},"end":{"line":708,"column":13}},"708":{"start":{"line":709,"column":0},"end":{"line":709,"column":11}},"709":{"start":{"line":710,"column":0},"end":{"line":710,"column":14}},"710":{"start":{"line":711,"column":0},"end":{"line":711,"column":13}},"711":{"start":{"line":712,"column":0},"end":{"line":712,"column":15}},"712":{"start":{"line":713,"column":0},"end":{"line":713,"column":16}},"713":{"start":{"line":714,"column":0},"end":{"line":714,"column":16}},"714":{"start":{"line":715,"column":0},"end":{"line":715,"column":13}},"715":{"start":{"line":716,"column":0},"end":{"line":716,"column":2}},"716":{"start":{"line":717,"column":0},"end":{"line":717,"column":116}},"717":{"start":{"line":718,"column":0},"end":{"line":718,"column":45}},"718":{"start":{"line":719,"column":0},"end":{"line":719,"column":44}},"719":{"start":{"line":720,"column":0},"end":{"line":720,"column":9}},"720":{"start":{"line":721,"column":0},"end":{"line":721,"column":21}},"721":{"start":{"line":722,"column":0},"end":{"line":722,"column":23}},"722":{"start":{"line":723,"column":0},"end":{"line":723,"column":19}},"723":{"start":{"line":724,"column":0},"end":{"line":724,"column":30}},"724":{"start":{"line":725,"column":0},"end":{"line":725,"column":31}},"725":{"start":{"line":726,"column":0},"end":{"line":726,"column":14}},"726":{"start":{"line":727,"column":0},"end":{"line":727,"column":22}},"727":{"start":{"line":728,"column":0},"end":{"line":728,"column":31}},"728":{"start":{"line":729,"column":0},"end":{"line":729,"column":32}},"729":{"start":{"line":730,"column":0},"end":{"line":730,"column":14}},"730":{"start":{"line":731,"column":0},"end":{"line":731,"column":25}},"731":{"start":{"line":732,"column":0},"end":{"line":732,"column":31}},"732":{"start":{"line":733,"column":0},"end":{"line":733,"column":32}},"733":{"start":{"line":734,"column":0},"end":{"line":734,"column":14}},"734":{"start":{"line":735,"column":0},"end":{"line":735,"column":20}},"735":{"start":{"line":736,"column":0},"end":{"line":736,"column":30}},"736":{"start":{"line":737,"column":0},"end":{"line":737,"column":31}},"737":{"start":{"line":738,"column":0},"end":{"line":738,"column":14}},"738":{"start":{"line":739,"column":0},"end":{"line":739,"column":23}},"739":{"start":{"line":740,"column":0},"end":{"line":740,"column":31}},"740":{"start":{"line":741,"column":0},"end":{"line":741,"column":32}},"741":{"start":{"line":742,"column":0},"end":{"line":742,"column":14}},"742":{"start":{"line":743,"column":0},"end":{"line":743,"column":26}},"743":{"start":{"line":744,"column":0},"end":{"line":744,"column":31}},"744":{"start":{"line":745,"column":0},"end":{"line":745,"column":32}},"745":{"start":{"line":746,"column":0},"end":{"line":746,"column":14}},"746":{"start":{"line":747,"column":0},"end":{"line":747,"column":29}},"747":{"start":{"line":748,"column":0},"end":{"line":748,"column":22}},"748":{"start":{"line":749,"column":0},"end":{"line":749,"column":26}},"749":{"start":{"line":750,"column":0},"end":{"line":750,"column":9}},"750":{"start":{"line":751,"column":0},"end":{"line":751,"column":6}},"751":{"start":{"line":752,"column":0},"end":{"line":752,"column":0}},"752":{"start":{"line":753,"column":0},"end":{"line":753,"column":61}},"753":{"start":{"line":754,"column":0},"end":{"line":754,"column":11}},"754":{"start":{"line":755,"column":0},"end":{"line":755,"column":5}},"755":{"start":{"line":756,"column":0},"end":{"line":756,"column":28}},"756":{"start":{"line":757,"column":0},"end":{"line":757,"column":31}},"757":{"start":{"line":758,"column":0},"end":{"line":758,"column":44}},"758":{"start":{"line":759,"column":0},"end":{"line":759,"column":20}},"759":{"start":{"line":760,"column":0},"end":{"line":760,"column":35}},"760":{"start":{"line":761,"column":0},"end":{"line":761,"column":48}},"761":{"start":{"line":762,"column":0},"end":{"line":762,"column":0}},"762":{"start":{"line":763,"column":0},"end":{"line":763,"column":9}},"763":{"start":{"line":764,"column":0},"end":{"line":764,"column":5}},"764":{"start":{"line":765,"column":0},"end":{"line":765,"column":1}},"765":{"start":{"line":766,"column":0},"end":{"line":766,"column":0}},"766":{"start":{"line":767,"column":0},"end":{"line":767,"column":0}},"767":{"start":{"line":768,"column":0},"end":{"line":768,"column":78}},"768":{"start":{"line":769,"column":0},"end":{"line":769,"column":5}},"769":{"start":{"line":770,"column":0},"end":{"line":770,"column":57}},"770":{"start":{"line":771,"column":0},"end":{"line":771,"column":20}},"771":{"start":{"line":772,"column":0},"end":{"line":772,"column":19}},"772":{"start":{"line":773,"column":0},"end":{"line":773,"column":56}},"773":{"start":{"line":774,"column":0},"end":{"line":774,"column":22}},"774":{"start":{"line":775,"column":0},"end":{"line":775,"column":23}},"775":{"start":{"line":776,"column":0},"end":{"line":776,"column":49}},"776":{"start":{"line":777,"column":0},"end":{"line":777,"column":34}},"777":{"start":{"line":778,"column":0},"end":{"line":778,"column":13}},"778":{"start":{"line":779,"column":0},"end":{"line":779,"column":10}},"779":{"start":{"line":780,"column":0},"end":{"line":780,"column":0}},"780":{"start":{"line":781,"column":0},"end":{"line":781,"column":0}},"781":{"start":{"line":782,"column":0},"end":{"line":782,"column":38}},"782":{"start":{"line":783,"column":0},"end":{"line":783,"column":0}},"783":{"start":{"line":784,"column":0},"end":{"line":784,"column":0}},"784":{"start":{"line":785,"column":0},"end":{"line":785,"column":117}},"785":{"start":{"line":786,"column":0},"end":{"line":786,"column":19}},"786":{"start":{"line":787,"column":0},"end":{"line":787,"column":35}},"787":{"start":{"line":788,"column":0},"end":{"line":788,"column":34}},"788":{"start":{"line":789,"column":0},"end":{"line":789,"column":28}},"789":{"start":{"line":790,"column":0},"end":{"line":790,"column":42}},"790":{"start":{"line":791,"column":0},"end":{"line":791,"column":38}},"791":{"start":{"line":792,"column":0},"end":{"line":792,"column":17}},"792":{"start":{"line":793,"column":0},"end":{"line":793,"column":14}},"793":{"start":{"line":794,"column":0},"end":{"line":794,"column":21}},"794":{"start":{"line":795,"column":0},"end":{"line":795,"column":37}},"795":{"start":{"line":796,"column":0},"end":{"line":796,"column":35}},"796":{"start":{"line":797,"column":0},"end":{"line":797,"column":28}},"797":{"start":{"line":798,"column":0},"end":{"line":798,"column":42}},"798":{"start":{"line":799,"column":0},"end":{"line":799,"column":39}},"799":{"start":{"line":800,"column":0},"end":{"line":800,"column":18}},"800":{"start":{"line":801,"column":0},"end":{"line":801,"column":14}},"801":{"start":{"line":802,"column":0},"end":{"line":802,"column":21}},"802":{"start":{"line":803,"column":0},"end":{"line":803,"column":37}},"803":{"start":{"line":804,"column":0},"end":{"line":804,"column":35}},"804":{"start":{"line":805,"column":0},"end":{"line":805,"column":28}},"805":{"start":{"line":806,"column":0},"end":{"line":806,"column":42}},"806":{"start":{"line":807,"column":0},"end":{"line":807,"column":38}},"807":{"start":{"line":808,"column":0},"end":{"line":808,"column":17}},"808":{"start":{"line":809,"column":0},"end":{"line":809,"column":14}},"809":{"start":{"line":810,"column":0},"end":{"line":810,"column":17}},"810":{"start":{"line":811,"column":0},"end":{"line":811,"column":33}},"811":{"start":{"line":812,"column":0},"end":{"line":812,"column":35}},"812":{"start":{"line":813,"column":0},"end":{"line":813,"column":28}},"813":{"start":{"line":814,"column":0},"end":{"line":814,"column":42}},"814":{"start":{"line":815,"column":0},"end":{"line":815,"column":38}},"815":{"start":{"line":816,"column":0},"end":{"line":816,"column":17}},"816":{"start":{"line":817,"column":0},"end":{"line":817,"column":14}},"817":{"start":{"line":818,"column":0},"end":{"line":818,"column":21}},"818":{"start":{"line":819,"column":0},"end":{"line":819,"column":36}},"819":{"start":{"line":820,"column":0},"end":{"line":820,"column":37}},"820":{"start":{"line":821,"column":0},"end":{"line":821,"column":35}},"821":{"start":{"line":822,"column":0},"end":{"line":822,"column":28}},"822":{"start":{"line":823,"column":0},"end":{"line":823,"column":42}},"823":{"start":{"line":824,"column":0},"end":{"line":824,"column":38}},"824":{"start":{"line":825,"column":0},"end":{"line":825,"column":17}},"825":{"start":{"line":826,"column":0},"end":{"line":826,"column":14}},"826":{"start":{"line":827,"column":0},"end":{"line":827,"column":21}},"827":{"start":{"line":828,"column":0},"end":{"line":828,"column":36}},"828":{"start":{"line":829,"column":0},"end":{"line":829,"column":37}},"829":{"start":{"line":830,"column":0},"end":{"line":830,"column":35}},"830":{"start":{"line":831,"column":0},"end":{"line":831,"column":28}},"831":{"start":{"line":832,"column":0},"end":{"line":832,"column":42}},"832":{"start":{"line":833,"column":0},"end":{"line":833,"column":38}},"833":{"start":{"line":834,"column":0},"end":{"line":834,"column":17}},"834":{"start":{"line":835,"column":0},"end":{"line":835,"column":14}},"835":{"start":{"line":836,"column":0},"end":{"line":836,"column":19}},"836":{"start":{"line":837,"column":0},"end":{"line":837,"column":35}},"837":{"start":{"line":838,"column":0},"end":{"line":838,"column":35}},"838":{"start":{"line":839,"column":0},"end":{"line":839,"column":28}},"839":{"start":{"line":840,"column":0},"end":{"line":840,"column":42}},"840":{"start":{"line":841,"column":0},"end":{"line":841,"column":38}},"841":{"start":{"line":842,"column":0},"end":{"line":842,"column":17}},"842":{"start":{"line":843,"column":0},"end":{"line":843,"column":14}},"843":{"start":{"line":844,"column":0},"end":{"line":844,"column":9}},"844":{"start":{"line":845,"column":0},"end":{"line":845,"column":0}},"845":{"start":{"line":846,"column":0},"end":{"line":846,"column":94}},"846":{"start":{"line":847,"column":0},"end":{"line":847,"column":0}},"847":{"start":{"line":848,"column":0},"end":{"line":848,"column":0}},"848":{"start":{"line":849,"column":0},"end":{"line":849,"column":167}},"849":{"start":{"line":850,"column":0},"end":{"line":850,"column":0}},"850":{"start":{"line":851,"column":0},"end":{"line":851,"column":53}},"851":{"start":{"line":852,"column":0},"end":{"line":852,"column":24}},"852":{"start":{"line":853,"column":0},"end":{"line":853,"column":52}},"853":{"start":{"line":854,"column":0},"end":{"line":854,"column":54}},"854":{"start":{"line":855,"column":0},"end":{"line":855,"column":0}},"855":{"start":{"line":856,"column":0},"end":{"line":856,"column":0}},"856":{"start":{"line":857,"column":0},"end":{"line":857,"column":0}},"857":{"start":{"line":858,"column":0},"end":{"line":858,"column":72}},"858":{"start":{"line":859,"column":0},"end":{"line":859,"column":0}},"859":{"start":{"line":860,"column":0},"end":{"line":860,"column":0}},"860":{"start":{"line":861,"column":0},"end":{"line":861,"column":0}},"861":{"start":{"line":862,"column":0},"end":{"line":862,"column":0}},"862":{"start":{"line":863,"column":0},"end":{"line":863,"column":105}},"863":{"start":{"line":864,"column":0},"end":{"line":864,"column":88}},"864":{"start":{"line":865,"column":0},"end":{"line":865,"column":34}},"865":{"start":{"line":866,"column":0},"end":{"line":866,"column":12}},"866":{"start":{"line":867,"column":0},"end":{"line":867,"column":101}},"867":{"start":{"line":868,"column":0},"end":{"line":868,"column":11}},"868":{"start":{"line":869,"column":0},"end":{"line":869,"column":0}},"869":{"start":{"line":870,"column":0},"end":{"line":870,"column":69}},"870":{"start":{"line":871,"column":0},"end":{"line":871,"column":0}},"871":{"start":{"line":872,"column":0},"end":{"line":872,"column":60}},"872":{"start":{"line":873,"column":0},"end":{"line":873,"column":78}},"873":{"start":{"line":874,"column":0},"end":{"line":874,"column":0}},"874":{"start":{"line":875,"column":0},"end":{"line":875,"column":0}},"875":{"start":{"line":876,"column":0},"end":{"line":876,"column":75}},"876":{"start":{"line":877,"column":0},"end":{"line":877,"column":0}},"877":{"start":{"line":878,"column":0},"end":{"line":878,"column":0}},"878":{"start":{"line":879,"column":0},"end":{"line":879,"column":0}},"879":{"start":{"line":880,"column":0},"end":{"line":880,"column":75}},"880":{"start":{"line":881,"column":0},"end":{"line":881,"column":0}},"881":{"start":{"line":882,"column":0},"end":{"line":882,"column":33}},"882":{"start":{"line":883,"column":0},"end":{"line":883,"column":62}},"883":{"start":{"line":884,"column":0},"end":{"line":884,"column":33}},"884":{"start":{"line":885,"column":0},"end":{"line":885,"column":29}},"885":{"start":{"line":886,"column":0},"end":{"line":886,"column":63}},"886":{"start":{"line":887,"column":0},"end":{"line":887,"column":41}},"887":{"start":{"line":888,"column":0},"end":{"line":888,"column":55}},"888":{"start":{"line":889,"column":0},"end":{"line":889,"column":68}},"889":{"start":{"line":890,"column":0},"end":{"line":890,"column":34}},"890":{"start":{"line":891,"column":0},"end":{"line":891,"column":29}},"891":{"start":{"line":892,"column":0},"end":{"line":892,"column":25}},"892":{"start":{"line":893,"column":0},"end":{"line":893,"column":26}},"893":{"start":{"line":894,"column":0},"end":{"line":894,"column":0}},"894":{"start":{"line":895,"column":0},"end":{"line":895,"column":17}},"895":{"start":{"line":896,"column":0},"end":{"line":896,"column":0}},"896":{"start":{"line":897,"column":0},"end":{"line":897,"column":0}},"897":{"start":{"line":898,"column":0},"end":{"line":898,"column":0}},"898":{"start":{"line":899,"column":0},"end":{"line":899,"column":74}},"899":{"start":{"line":900,"column":0},"end":{"line":900,"column":0}},"900":{"start":{"line":901,"column":0},"end":{"line":901,"column":0}},"901":{"start":{"line":902,"column":0},"end":{"line":902,"column":71}},"902":{"start":{"line":903,"column":0},"end":{"line":903,"column":75}},"903":{"start":{"line":904,"column":0},"end":{"line":904,"column":0}},"904":{"start":{"line":905,"column":0},"end":{"line":905,"column":138}},"905":{"start":{"line":906,"column":0},"end":{"line":906,"column":60}},"906":{"start":{"line":907,"column":0},"end":{"line":907,"column":0}},"907":{"start":{"line":908,"column":0},"end":{"line":908,"column":92}},"908":{"start":{"line":909,"column":0},"end":{"line":909,"column":0}},"909":{"start":{"line":910,"column":0},"end":{"line":910,"column":67}},"910":{"start":{"line":911,"column":0},"end":{"line":911,"column":34}},"911":{"start":{"line":912,"column":0},"end":{"line":912,"column":45}},"912":{"start":{"line":913,"column":0},"end":{"line":913,"column":41}},"913":{"start":{"line":914,"column":0},"end":{"line":914,"column":55}},"914":{"start":{"line":915,"column":0},"end":{"line":915,"column":68}},"915":{"start":{"line":916,"column":0},"end":{"line":916,"column":34}},"916":{"start":{"line":917,"column":0},"end":{"line":917,"column":29}},"917":{"start":{"line":918,"column":0},"end":{"line":918,"column":0}},"918":{"start":{"line":919,"column":0},"end":{"line":919,"column":21}},"919":{"start":{"line":920,"column":0},"end":{"line":920,"column":0}},"920":{"start":{"line":921,"column":0},"end":{"line":921,"column":63}},"921":{"start":{"line":922,"column":0},"end":{"line":922,"column":59}},"922":{"start":{"line":923,"column":0},"end":{"line":923,"column":47}},"923":{"start":{"line":924,"column":0},"end":{"line":924,"column":61}},"924":{"start":{"line":925,"column":0},"end":{"line":925,"column":0}},"925":{"start":{"line":926,"column":0},"end":{"line":926,"column":0}},"926":{"start":{"line":927,"column":0},"end":{"line":927,"column":17}},"927":{"start":{"line":928,"column":0},"end":{"line":928,"column":0}},"928":{"start":{"line":929,"column":0},"end":{"line":929,"column":0}},"929":{"start":{"line":930,"column":0},"end":{"line":930,"column":0}},"930":{"start":{"line":931,"column":0},"end":{"line":931,"column":13}},"931":{"start":{"line":932,"column":0},"end":{"line":932,"column":0}},"932":{"start":{"line":933,"column":0},"end":{"line":933,"column":32}},"933":{"start":{"line":934,"column":0},"end":{"line":934,"column":0}},"934":{"start":{"line":935,"column":0},"end":{"line":935,"column":75}},"935":{"start":{"line":936,"column":0},"end":{"line":936,"column":0}},"936":{"start":{"line":937,"column":0},"end":{"line":937,"column":33}},"937":{"start":{"line":938,"column":0},"end":{"line":938,"column":62}},"938":{"start":{"line":939,"column":0},"end":{"line":939,"column":33}},"939":{"start":{"line":940,"column":0},"end":{"line":940,"column":29}},"940":{"start":{"line":941,"column":0},"end":{"line":941,"column":63}},"941":{"start":{"line":942,"column":0},"end":{"line":942,"column":41}},"942":{"start":{"line":943,"column":0},"end":{"line":943,"column":55}},"943":{"start":{"line":944,"column":0},"end":{"line":944,"column":52}},"944":{"start":{"line":945,"column":0},"end":{"line":945,"column":34}},"945":{"start":{"line":946,"column":0},"end":{"line":946,"column":29}},"946":{"start":{"line":947,"column":0},"end":{"line":947,"column":25}},"947":{"start":{"line":948,"column":0},"end":{"line":948,"column":26}},"948":{"start":{"line":949,"column":0},"end":{"line":949,"column":0}},"949":{"start":{"line":950,"column":0},"end":{"line":950,"column":17}},"950":{"start":{"line":951,"column":0},"end":{"line":951,"column":0}},"951":{"start":{"line":952,"column":0},"end":{"line":952,"column":0}},"952":{"start":{"line":953,"column":0},"end":{"line":953,"column":74}},"953":{"start":{"line":954,"column":0},"end":{"line":954,"column":0}},"954":{"start":{"line":955,"column":0},"end":{"line":955,"column":0}},"955":{"start":{"line":956,"column":0},"end":{"line":956,"column":71}},"956":{"start":{"line":957,"column":0},"end":{"line":957,"column":75}},"957":{"start":{"line":958,"column":0},"end":{"line":958,"column":0}},"958":{"start":{"line":959,"column":0},"end":{"line":959,"column":138}},"959":{"start":{"line":960,"column":0},"end":{"line":960,"column":60}},"960":{"start":{"line":961,"column":0},"end":{"line":961,"column":0}},"961":{"start":{"line":962,"column":0},"end":{"line":962,"column":92}},"962":{"start":{"line":963,"column":0},"end":{"line":963,"column":0}},"963":{"start":{"line":964,"column":0},"end":{"line":964,"column":67}},"964":{"start":{"line":965,"column":0},"end":{"line":965,"column":34}},"965":{"start":{"line":966,"column":0},"end":{"line":966,"column":45}},"966":{"start":{"line":967,"column":0},"end":{"line":967,"column":41}},"967":{"start":{"line":968,"column":0},"end":{"line":968,"column":55}},"968":{"start":{"line":969,"column":0},"end":{"line":969,"column":52}},"969":{"start":{"line":970,"column":0},"end":{"line":970,"column":34}},"970":{"start":{"line":971,"column":0},"end":{"line":971,"column":29}},"971":{"start":{"line":972,"column":0},"end":{"line":972,"column":0}},"972":{"start":{"line":973,"column":0},"end":{"line":973,"column":21}},"973":{"start":{"line":974,"column":0},"end":{"line":974,"column":0}},"974":{"start":{"line":975,"column":0},"end":{"line":975,"column":63}},"975":{"start":{"line":976,"column":0},"end":{"line":976,"column":59}},"976":{"start":{"line":977,"column":0},"end":{"line":977,"column":47}},"977":{"start":{"line":978,"column":0},"end":{"line":978,"column":45}},"978":{"start":{"line":979,"column":0},"end":{"line":979,"column":0}},"979":{"start":{"line":980,"column":0},"end":{"line":980,"column":0}},"980":{"start":{"line":981,"column":0},"end":{"line":981,"column":17}},"981":{"start":{"line":982,"column":0},"end":{"line":982,"column":0}},"982":{"start":{"line":983,"column":0},"end":{"line":983,"column":13}},"983":{"start":{"line":984,"column":0},"end":{"line":984,"column":0}},"984":{"start":{"line":985,"column":0},"end":{"line":985,"column":0}},"985":{"start":{"line":986,"column":0},"end":{"line":986,"column":19}},"986":{"start":{"line":987,"column":0},"end":{"line":987,"column":30}},"987":{"start":{"line":988,"column":0},"end":{"line":988,"column":26}},"988":{"start":{"line":989,"column":0},"end":{"line":989,"column":26}},"989":{"start":{"line":990,"column":0},"end":{"line":990,"column":25}},"990":{"start":{"line":991,"column":0},"end":{"line":991,"column":92}},"991":{"start":{"line":992,"column":0},"end":{"line":992,"column":0}},"992":{"start":{"line":993,"column":0},"end":{"line":993,"column":32}},"993":{"start":{"line":994,"column":0},"end":{"line":994,"column":0}},"994":{"start":{"line":995,"column":0},"end":{"line":995,"column":125}},"995":{"start":{"line":996,"column":0},"end":{"line":996,"column":29}},"996":{"start":{"line":997,"column":0},"end":{"line":997,"column":28}},"997":{"start":{"line":998,"column":0},"end":{"line":998,"column":21}},"998":{"start":{"line":999,"column":0},"end":{"line":999,"column":55}},"999":{"start":{"line":1000,"column":0},"end":{"line":1000,"column":62}},"1000":{"start":{"line":1001,"column":0},"end":{"line":1001,"column":21}},"1001":{"start":{"line":1002,"column":0},"end":{"line":1002,"column":17}},"1002":{"start":{"line":1003,"column":0},"end":{"line":1003,"column":0}},"1003":{"start":{"line":1004,"column":0},"end":{"line":1004,"column":24}},"1004":{"start":{"line":1005,"column":0},"end":{"line":1005,"column":60}},"1005":{"start":{"line":1006,"column":0},"end":{"line":1006,"column":49}},"1006":{"start":{"line":1007,"column":0},"end":{"line":1007,"column":0}},"1007":{"start":{"line":1008,"column":0},"end":{"line":1008,"column":13}},"1008":{"start":{"line":1009,"column":0},"end":{"line":1009,"column":0}},"1009":{"start":{"line":1010,"column":0},"end":{"line":1010,"column":33}},"1010":{"start":{"line":1011,"column":0},"end":{"line":1011,"column":0}},"1011":{"start":{"line":1012,"column":0},"end":{"line":1012,"column":54}},"1012":{"start":{"line":1013,"column":0},"end":{"line":1013,"column":39}},"1013":{"start":{"line":1014,"column":0},"end":{"line":1014,"column":0}},"1014":{"start":{"line":1015,"column":0},"end":{"line":1015,"column":64}},"1015":{"start":{"line":1016,"column":0},"end":{"line":1016,"column":49}},"1016":{"start":{"line":1017,"column":0},"end":{"line":1017,"column":13}},"1017":{"start":{"line":1018,"column":0},"end":{"line":1018,"column":0}},"1018":{"start":{"line":1019,"column":0},"end":{"line":1019,"column":0}},"1019":{"start":{"line":1020,"column":0},"end":{"line":1020,"column":0}},"1020":{"start":{"line":1021,"column":0},"end":{"line":1021,"column":37}},"1021":{"start":{"line":1022,"column":0},"end":{"line":1022,"column":9}},"1022":{"start":{"line":1023,"column":0},"end":{"line":1023,"column":0}},"1023":{"start":{"line":1024,"column":0},"end":{"line":1024,"column":0}},"1024":{"start":{"line":1025,"column":0},"end":{"line":1025,"column":0}},"1025":{"start":{"line":1026,"column":0},"end":{"line":1026,"column":33}},"1026":{"start":{"line":1027,"column":0},"end":{"line":1027,"column":0}},"1027":{"start":{"line":1028,"column":0},"end":{"line":1028,"column":0}},"1028":{"start":{"line":1029,"column":0},"end":{"line":1029,"column":0}},"1029":{"start":{"line":1030,"column":0},"end":{"line":1030,"column":0}},"1030":{"start":{"line":1031,"column":0},"end":{"line":1031,"column":5}},"1031":{"start":{"line":1032,"column":0},"end":{"line":1032,"column":0}},"1032":{"start":{"line":1033,"column":0},"end":{"line":1033,"column":82}},"1033":{"start":{"line":1034,"column":0},"end":{"line":1034,"column":104}},"1034":{"start":{"line":1035,"column":0},"end":{"line":1035,"column":0}},"1035":{"start":{"line":1036,"column":0},"end":{"line":1036,"column":0}},"1036":{"start":{"line":1037,"column":0},"end":{"line":1037,"column":0}},"1037":{"start":{"line":1038,"column":0},"end":{"line":1038,"column":51}},"1038":{"start":{"line":1039,"column":0},"end":{"line":1039,"column":73}},"1039":{"start":{"line":1040,"column":0},"end":{"line":1040,"column":0}},"1040":{"start":{"line":1041,"column":0},"end":{"line":1041,"column":0}},"1041":{"start":{"line":1042,"column":0},"end":{"line":1042,"column":62}},"1042":{"start":{"line":1043,"column":0},"end":{"line":1043,"column":0}},"1043":{"start":{"line":1044,"column":0},"end":{"line":1044,"column":15}},"1044":{"start":{"line":1045,"column":0},"end":{"line":1045,"column":17}},"1045":{"start":{"line":1046,"column":0},"end":{"line":1046,"column":18}},"1046":{"start":{"line":1047,"column":0},"end":{"line":1047,"column":25}},"1047":{"start":{"line":1048,"column":0},"end":{"line":1048,"column":25}},"1048":{"start":{"line":1049,"column":0},"end":{"line":1049,"column":24}},"1049":{"start":{"line":1050,"column":0},"end":{"line":1050,"column":32}},"1050":{"start":{"line":1051,"column":0},"end":{"line":1051,"column":33}},"1051":{"start":{"line":1052,"column":0},"end":{"line":1052,"column":47}},"1052":{"start":{"line":1053,"column":0},"end":{"line":1053,"column":0}},"1053":{"start":{"line":1054,"column":0},"end":{"line":1054,"column":0}},"1054":{"start":{"line":1055,"column":0},"end":{"line":1055,"column":41}},"1055":{"start":{"line":1056,"column":0},"end":{"line":1056,"column":0}},"1056":{"start":{"line":1057,"column":0},"end":{"line":1057,"column":0}},"1057":{"start":{"line":1058,"column":0},"end":{"line":1058,"column":0}},"1058":{"start":{"line":1059,"column":0},"end":{"line":1059,"column":55}},"1059":{"start":{"line":1060,"column":0},"end":{"line":1060,"column":0}},"1060":{"start":{"line":1061,"column":0},"end":{"line":1061,"column":72}},"1061":{"start":{"line":1062,"column":0},"end":{"line":1062,"column":0}},"1062":{"start":{"line":1063,"column":0},"end":{"line":1063,"column":0}},"1063":{"start":{"line":1064,"column":0},"end":{"line":1064,"column":52}},"1064":{"start":{"line":1065,"column":0},"end":{"line":1065,"column":0}},"1065":{"start":{"line":1066,"column":0},"end":{"line":1066,"column":0}},"1066":{"start":{"line":1067,"column":0},"end":{"line":1067,"column":0}},"1067":{"start":{"line":1068,"column":0},"end":{"line":1068,"column":81}},"1068":{"start":{"line":1069,"column":0},"end":{"line":1069,"column":0}},"1069":{"start":{"line":1070,"column":0},"end":{"line":1070,"column":88}},"1070":{"start":{"line":1071,"column":0},"end":{"line":1071,"column":0}},"1071":{"start":{"line":1072,"column":0},"end":{"line":1072,"column":70}},"1072":{"start":{"line":1073,"column":0},"end":{"line":1073,"column":108}},"1073":{"start":{"line":1074,"column":0},"end":{"line":1074,"column":103}},"1074":{"start":{"line":1075,"column":0},"end":{"line":1075,"column":0}},"1075":{"start":{"line":1076,"column":0},"end":{"line":1076,"column":0}},"1076":{"start":{"line":1077,"column":0},"end":{"line":1077,"column":71}},"1077":{"start":{"line":1078,"column":0},"end":{"line":1078,"column":119}},"1078":{"start":{"line":1079,"column":0},"end":{"line":1079,"column":112}},"1079":{"start":{"line":1080,"column":0},"end":{"line":1080,"column":0}},"1080":{"start":{"line":1081,"column":0},"end":{"line":1081,"column":55}},"1081":{"start":{"line":1082,"column":0},"end":{"line":1082,"column":126}},"1082":{"start":{"line":1083,"column":0},"end":{"line":1083,"column":0}},"1083":{"start":{"line":1084,"column":0},"end":{"line":1084,"column":42}},"1084":{"start":{"line":1085,"column":0},"end":{"line":1085,"column":112}},"1085":{"start":{"line":1086,"column":0},"end":{"line":1086,"column":0}},"1086":{"start":{"line":1087,"column":0},"end":{"line":1087,"column":50}},"1087":{"start":{"line":1088,"column":0},"end":{"line":1088,"column":132}},"1088":{"start":{"line":1089,"column":0},"end":{"line":1089,"column":0}},"1089":{"start":{"line":1090,"column":0},"end":{"line":1090,"column":35}},"1090":{"start":{"line":1091,"column":0},"end":{"line":1091,"column":105}},"1091":{"start":{"line":1092,"column":0},"end":{"line":1092,"column":111}},"1092":{"start":{"line":1093,"column":0},"end":{"line":1093,"column":50}},"1093":{"start":{"line":1094,"column":0},"end":{"line":1094,"column":0}},"1094":{"start":{"line":1095,"column":0},"end":{"line":1095,"column":0}},"1095":{"start":{"line":1096,"column":0},"end":{"line":1096,"column":0}},"1096":{"start":{"line":1097,"column":0},"end":{"line":1097,"column":53}},"1097":{"start":{"line":1098,"column":0},"end":{"line":1098,"column":0}},"1098":{"start":{"line":1099,"column":0},"end":{"line":1099,"column":111}},"1099":{"start":{"line":1100,"column":0},"end":{"line":1100,"column":9}},"1100":{"start":{"line":1101,"column":0},"end":{"line":1101,"column":0}},"1101":{"start":{"line":1102,"column":0},"end":{"line":1102,"column":0}},"1102":{"start":{"line":1103,"column":0},"end":{"line":1103,"column":0}},"1103":{"start":{"line":1104,"column":0},"end":{"line":1104,"column":75}},"1104":{"start":{"line":1105,"column":0},"end":{"line":1105,"column":0}},"1105":{"start":{"line":1106,"column":0},"end":{"line":1106,"column":22}},"1106":{"start":{"line":1107,"column":0},"end":{"line":1107,"column":0}},"1107":{"start":{"line":1108,"column":0},"end":{"line":1108,"column":0}},"1108":{"start":{"line":1109,"column":0},"end":{"line":1109,"column":35}},"1109":{"start":{"line":1110,"column":0},"end":{"line":1110,"column":0}},"1110":{"start":{"line":1111,"column":0},"end":{"line":1111,"column":0}},"1111":{"start":{"line":1112,"column":0},"end":{"line":1112,"column":57}},"1112":{"start":{"line":1113,"column":0},"end":{"line":1113,"column":0}},"1113":{"start":{"line":1114,"column":0},"end":{"line":1114,"column":50}},"1114":{"start":{"line":1115,"column":0},"end":{"line":1115,"column":0}},"1115":{"start":{"line":1116,"column":0},"end":{"line":1116,"column":0}},"1116":{"start":{"line":1117,"column":0},"end":{"line":1117,"column":0}},"1117":{"start":{"line":1118,"column":0},"end":{"line":1118,"column":0}},"1118":{"start":{"line":1119,"column":0},"end":{"line":1119,"column":57}},"1119":{"start":{"line":1120,"column":0},"end":{"line":1120,"column":0}},"1120":{"start":{"line":1121,"column":0},"end":{"line":1121,"column":0}},"1121":{"start":{"line":1122,"column":0},"end":{"line":1122,"column":63}},"1122":{"start":{"line":1123,"column":0},"end":{"line":1123,"column":64}},"1123":{"start":{"line":1124,"column":0},"end":{"line":1124,"column":47}},"1124":{"start":{"line":1125,"column":0},"end":{"line":1125,"column":57}},"1125":{"start":{"line":1126,"column":0},"end":{"line":1126,"column":26}},"1126":{"start":{"line":1127,"column":0},"end":{"line":1127,"column":25}},"1127":{"start":{"line":1128,"column":0},"end":{"line":1128,"column":21}},"1128":{"start":{"line":1129,"column":0},"end":{"line":1129,"column":21}},"1129":{"start"
[...]
ne":561,"column":0},"end":{"line":561,"column":21}},"561":{"start":{"line":562,"column":0},"end":{"line":562,"column":0}},"562":{"start":{"line":563,"column":0},"end":{"line":563,"column":0}},"563":{"start":{"line":564,"column":0},"end":{"line":564,"column":17}},"564":{"start":{"line":565,"column":0},"end":{"line":565,"column":0}},"565":{"start":{"line":566,"column":0},"end":{"line":566,"column":13}},"566":{"start":{"line":567,"column":0},"end":{"line":567,"column":0}},"567":{"start":{"line":568,"column":0},"end":{"line":568,"column":29}},"568":{"start":{"line":569,"column":0},"end":{"line":569,"column":0}},"569":{"start":{"line":570,"column":0},"end":{"line":570,"column":9}},"570":{"start":{"line":571,"column":0},"end":{"line":571,"column":6}},"571":{"start":{"line":572,"column":0},"end":{"line":572,"column":0}},"572":{"start":{"line":573,"column":0},"end":{"line":573,"column":54}},"573":{"start":{"line":574,"column":0},"end":{"line":574,"column":0}},"574":{"start":{"line":575,"column":0},"end":{"line":575,"column":0}},"575":{"start":{"line":576,"column":0},"end":{"line":576,"column":1}}},"s":{"0":1,"1":1,"2":1,"3":1,"4":1,"5":1,"6":1,"7":1,"8":1,"9":1,"10":1,"11":1,"12":1,"13":1,"14":1,"15":1,"16":1,"17":1,"18":1,"19":1,"20":1,"21":1,"22":13,"23":13,"24":13,"25":13,"26":13,"27":13,"28":1,"29":1,"30":1,"31":1,"32":1,"33":1,"34":1,"35":1,"36":1,"37":1,"38":1,"39":1,"40":1,"41":1,"42":1,"43":1,"44":1,"45":1,"46":1,"47":1,"48":1,"49":1,"50":1,"51":1,"52":13,"53":13,"54":13,"55":2,"56":2,"57":2,"58":2,"59":2,"60":2,"61":1,"62":1,"63":1,"64":1,"65":1,"66":1,"67":15,"68":15,"69":15,"70":15,"71":15,"72":15,"73":15,"74":15,"75":15,"76":15,"77":15,"78":15,"79":15,"80":15,"81":15,"82":15,"83":15,"84":15,"85":15,"86":15,"87":1,"88":1,"89":1,"90":1,"91":1,"92":1,"93":14,"94":14,"95":51,"96":51,"97":51,"98":51,"99":51,"100":51,"101":39,"102":39,"103":39,"104":39,"105":39,"106":39,"107":39,"108":39,"109":39,"110":39,"111":39,"112":50,"113":51,"114":2,"115":2,"116":2,"117":2,"118":0,"119":0,"120":0,"121":0,"122":0,"123":0,"124":0,"125":0,"126":0,"127":0,"128":0,"129":2,"130":2,"131":2,"132":2,"133":2,"134":2,"135":2,"136":2,"137":2,"138":2,"139":2,"140":2,"141":48,"142":48,"143":48,"144":48,"145":48,"146":48,"147":48,"148":51,"149":14,"150":14,"151":14,"152":14,"153":14,"154":14,"155":14,"156":14,"157":14,"158":14,"159":14,"160":14,"161":14,"162":15,"163":15,"164":15,"165":15,"166":15,"167":15,"168":1,"169":1,"170":18,"171":18,"172":18,"173":1,"174":3,"175":3,"176":3,"177":1,"178":1,"179":1,"180":1,"181":1,"182":1,"183":1,"184":1,"185":1,"186":1,"187":1,"188":1,"189":15,"190":15,"191":15,"192":15,"193":15,"194":15,"195":15,"196":15,"197":15,"198":15,"199":15,"200":15,"201":15,"202":15,"203":15,"204":15,"205":15,"206":15,"207":1,"208":1,"209":1,"210":5,"211":5,"212":5,"213":5,"214":5,"215":5,"216":10,"217":10,"218":10,"219":10,"220":6,"221":6,"222":6,"223":6,"224":6,"225":10,"226":10,"227":5,"228":3,"229":3,"230":2,"231":2,"232":2,"233":2,"234":2,"235":2,"236":2,"237":2,"238":2,"239":2,"240":2,"241":2,"242":1,"243":1,"244":1,"245":2,"246":2,"247":1,"248":1,"249":1,"250":2,"251":2,"252":2,"253":2,"254":2,"255":2,"256":3,"257":3,"258":1,"259":1,"260":1,"261":1,"262":1,"263":1,"264":1,"265":1,"266":1,"267":1,"268":1,"269":1,"270":1,"271":1,"272":1,"273":1,"274":1,"275":1,"276":1,"277":1,"278":1,"279":1,"280":1,"281":1,"282":1,"283":1,"284":1,"285":1,"286":3,"287":3,"288":3,"289":3,"290":3,"291":5,"292":5,"293":5,"294":5,"295":5,"296":5,"297":1,"298":1,"299":1,"300":1,"301":5,"302":5,"303":5,"304":5,"305":5,"306":5,"307":5,"308":5,"309":5,"310":5,"311":5,"312":5,"313":5,"314":5,"315":5,"316":5,"317":5,"318":5,"319":5,"320":5,"321":5,"322":5,"323":5,"324":5,"325":5,"326":5,"327":5,"328":5,"329":5,"330":5,"331":5,"332":5,"333":5,"334":5,"335":5,"336":5,"337":5,"338":5,"339":5,"340":5,"341":5,"342":5,"343":5,"344":5,"345":5,"346":5,"347":5,"348":5,"349":5,"350":5,"351":5,"352":5,"353":5,"354":5,"355":5,"356":5,"357":5,"358":5,"359":5,"360":5,"361":5,"362":5,"363":5,"364":5,"365":5,"366":5,"367":22,"368":22,"369":22,"370":22,"371":22,"372":22,"373":22,"374":22,"375":22,"376":22,"377":22,"378":22,"379":22,"380":0,"381":0,"382":0,"383":0,"384":0,"385":0,"386":0,"387":0,"388":0,"389":0,"390":0,"391":0,"392":0,"393":0,"394":0,"395":0,"396":0,"397":0,"398":22,"399":22,"400":22,"401":5,"402":5,"403":5,"404":5,"405":3,"406":3,"407":3,"408":3,"409":3,"410":3,"411":3,"412":3,"413":3,"414":3,"415":3,"416":3,"417":3,"418":3,"419":5,"420":5,"421":5,"422":3,"423":3,"424":3,"425":3,"426":3,"427":3,"428":5,"429":5,"430":3,"431":3,"432":3,"433":3,"434":3,"435":3,"436":3,"437":3,"438":3,"439":3,"440":3,"441":3,"442":3,"443":3,"444":3,"445":3,"446":3,"447":3,"448":3,"449":3,"450":3,"451":3,"452":3,"453":3,"454":3,"455":3,"456":3,"457":3,"458":3,"459":3,"460":3,"461":3,"462":12,"463":12,"464":12,"465":12,"466":12,"467":3,"468":3,"469":3,"470":3,"471":3,"472":3,"473":3,"474":3,"475":3,"476":3,"477":3,"478":3,"479":3,"480":3,"481":3,"482":5,"483":5,"484":5,"485":5,"486":5,"487":5,"488":5,"489":5,"490":5,"491":5,"492":5,"493":1,"494":1,"495":1,"496":5,"497":5,"498":5,"499":5,"500":5,"501":5,"502":5,"503":5,"504":5,"505":5,"506":5,"507":5,"508":5,"509":5,"510":16,"511":16,"512":16,"513":16,"514":16,"515":16,"516":16,"517":5,"518":5,"519":5,"520":5,"521":5,"522":5,"523":7,"524":7,"525":7,"526":7,"527":7,"528":7,"529":7,"530":7,"531":7,"532":7,"533":7,"534":0,"535":0,"536":0,"537":0,"538":0,"539":0,"540":0,"541":0,"542":0,"543":0,"544":0,"545":0,"546":0,"547":7,"548":7,"549":7,"550":7,"551":9,"552":9,"553":9,"554":9,"555":9,"556":9,"557":9,"558":9,"559":9,"560":7,"561":7,"562":7,"563":7,"564":5,"565":5,"566":5,"567":5,"568":5,"569":5,"570":5,"571":5,"572":5,"573":5,"574":5,"575":5},"branchMap":{"0":{"type":"branch","line":22,"loc":{"start":{"line":22,"column":75},"end":{"line":50,"column":1}},"locations":[{"start":{"line":22,"column":75},"end":{"line":50,"column":1}}]},"1":{"type":"branch","line":28,"loc":{"start":{"line":28,"column":24},"end":{"line":28,"column":41}},"locations":[{"start":{"line":28,"column":24},"end":{"line":28,"column":41}}]},"2":{"type":"branch","line":28,"loc":{"start":{"line":28,"column":31},"end":{"line":50,"column":1}},"locations":[{"start":{"line":28,"column":31},"end":{"line":50,"column":1}}]},"3":{"type":"branch","line":35,"loc":{"start":{"line":35,"column":43},"end":{"line":35,"column":51}},"locations":[{"start":{"line":35,"column":43},"end":{"line":35,"column":51}}]},"4":{"type":"branch","line":40,"loc":{"start":{"line":40,"column":67},"end":{"line":40,"column":79}},"locations":[{"start":{"line":40,"column":67},"end":{"line":40,"column":79}}]},"5":{"type":"branch","line":52,"loc":{"start":{"line":52,"column":71},"end":{"line":61,"column":1}},"locations":[{"start":{"line":52,"column":71},"end":{"line":61,"column":1}}]},"6":{"type":"branch","line":55,"loc":{"start":{"line":55,"column":33},"end":{"line":55,"column":42}},"locations":[{"start":{"line":55,"column":33},"end":{"line":55,"column":42}}]},"7":{"type":"branch","line":55,"loc":{"start":{"line":55,"column":40},"end":{"line":61,"column":1}},"locations":[{"start":{"line":55,"column":40},"end":{"line":61,"column":1}}]},"8":{"type":"branch","line":67,"loc":{"start":{"line":67,"column":37},"end":{"line":168,"column":1}},"locations":[{"start":{"line":67,"column":37},"end":{"line":168,"column":1}}]},"9":{"type":"branch","line":77,"loc":{"start":{"line":77,"column":11},"end":{"line":165,"column":5}},"locations":[{"start":{"line":77,"column":11},"end":{"line":165,"column":5}}]},"10":{"type":"branch","line":87,"loc":{"start":{"line":87,"column":40},"end":{"line":93,"column":9}},"locations":[{"start":{"line":87,"column":40},"end":{"line":93,"column":9}}]},"11":{"type":"branch","line":93,"loc":{"start":{"line":93,"column":8},"end":{"line":162,"column":19}},"locations":[{"start":{"line":93,"column":8},"end":{"line":162,"column":19}}]},"12":{"type":"branch","line":95,"loc":{"start":{"line":95,"column":87},"end":{"line":150,"column":11}},"locations":[{"start":{"line":95,"column":87},"end":{"line":150,"column":11}}]},"13":{"type":"branch","line":101,"loc":{"start":{"line":101,"column":30},"end":{"line":112,"column":13}},"locations":[{"start":{"line":101,"column":30},"end":{"line":112,"column":13}}]},"14":{"type":"branch","line":109,"loc":{"start":{"line":109,"column":28},"end":{"line":109,"column":40}},"locations":[{"start":{"line":109,"column":28},"end":{"line":109,"column":40}}]},"15":{"type":"branch","line":112,"loc":{"start":{"line":112,"column":12},"end":{"line":114,"column":42}},"locations":[{"start":{"line":112,"column":12},"end":{"line":114,"column":42}}]},"16":{"type":"branch","line":114,"loc":{"start":{"line":114,"column":42},"end":{"line":141,"column":13}},"locations":[{"start":{"line":114,"column":42},"end":{"line":141,"column":13}}]},"17":{"type":"branch","line":118,"loc":{"start":{"line":118,"column":54},"end":{"line":129,"column":17}},"locations":[{"start":{"line":118,"column":54},"end":{"line":129,"column":17}}]},"18":{"type":"branch","line":141,"loc":{"start":{"line":141,"column":12},"end":{"line":148,"column":62}},"locations":[{"start":{"line":141,"column":12},"end":{"line":148,"column":62}}]},"19":{"type":"branch","line":171,"loc":{"start":{"line":171,"column":0},"end":{"line":173,"column":1}},"locations":[{"start":{"line":171,"column":0},"end":{"line":173,"column":1}}]},"20":{"type":"branch","line":175,"loc":{"start":{"line":175,"column":0},"end":{"line":177,"column":1}},"locations":[{"start":{"line":175,"column":0},"end":{"line":177,"column":1}}]},"21":{"type":"branch","line":189,"loc":{"start":{"line":189,"column":4},"end":{"line":207,"column":9}},"locations":[{"start":{"line":189,"column":4},"end":{"line":207,"column":9}}]},"22":{"type":"branch","line":190,"loc":{"start":{"line":190,"column":8},"end":{"line":207,"column":9}},"locations":[{"start":{"line":190,"column":8},"end":{"line":207,"column":9}}]},"23":{"type":"branch","line":210,"loc":{"start":{"line":210,"column":21},"end":{"line":297,"column":1}},"locations":[{"start":{"line":210,"column":21},"end":{"line":297,"column":1}}]},"24":{"type":"branch","line":216,"loc":{"start":{"line":216,"column":12},"end":{"line":227,"column":14}},"locations":[{"start":{"line":216,"column":12},"end":{"line":227,"column":14}}]},"25":{"type":"branch","line":220,"loc":{"start":{"line":220,"column":20},"end":{"line":220,"column":40}},"locations":[{"start":{"line":220,"column":20},"end":{"line":220,"column":40}}]},"26":{"type":"branch","line":220,"loc":{"start":{"line":220,"column":27},"end":{"line":225,"column":36}},"locations":[{"start":{"line":220,"column":27},"end":{"line":225,"column":36}}]},"27":{"type":"branch","line":228,"loc":{"start":{"line":228,"column":12},"end":{"line":291,"column":13}},"locations":[{"start":{"line":228,"column":12},"end":{"line":291,"column":13}}]},"28":{"type":"branch","line":230,"loc":{"start":{"line":230,"column":49},"end":{"line":256,"column":17}},"locations":[{"start":{"line":230,"column":49},"end":{"line":256,"column":17}}]},"29":{"type":"branch","line":242,"loc":{"start":{"line":242,"column":38},"end":{"line":245,"column":25}},"locations":[{"start":{"line":242,"column":38},"end":{"line":245,"column":25}}]},"30":{"type":"branch","line":247,"loc":{"start":{"line":247,"column":37},"end":{"line":250,"column":25}},"locations":[{"start":{"line":247,"column":37},"end":{"line":250,"column":25}}]},"31":{"type":"branch","line":258,"loc":{"start":{"line":258,"column":58},"end":{"line":286,"column":17}},"locations":[{"start":{"line":258,"column":58},"end":{"line":286,"column":17}}]},"32":{"type":"branch","line":265,"loc":{"start":{"line":265,"column":46},"end":{"line":265,"column":55}},"locations":[{"start":{"line":265,"column":46},"end":{"line":265,"column":55}}]},"33":{"type":"branch","line":276,"loc":{"start":{"line":276,"column":33},"end":{"line":276,"column":65}},"locations":[{"start":{"line":276,"column":33},"end":{"line":276,"column":65}}]},"34":{"type":"branch","line":301,"loc":{"start":{"line":301,"column":37},"end":{"line":493,"column":1}},"locations":[{"start":{"line":301,"column":37},"end":{"line":493,"column":1}}]},"35":{"type":"branch","line":367,"loc":{"start":{"line":367,"column":8},"end":{"line":401,"column":10}},"locations":[{"start":{"line":367,"column":8},"end":{"line":401,"column":10}}]},"36":{"type":"branch","line":380,"loc":{"start":{"line":380,"column":23},"end":{"line":398,"column":31}},"locations":[{"start":{"line":380,"column":23},"end":{"line":398,"column":31}}]},"37":{"type":"branch","line":375,"loc":{"start":{"line":375,"column":19},"end":{"line":375,"column":42}},"locations":[{"start":{"line":375,"column":19},"end":{"line":375,"column":42}}]},"38":{"type":"branch","line":402,"loc":{"start":{"line":402,"column":8},"end":{"line":487,"column":10}},"locations":[{"start":{"line":402,"column":8},"end":{"line":487,"column":10}}]},"39":{"type":"branch","line":405,"loc":{"start":{"line":405,"column":61},"end":{"line":428,"column":13}},"locations":[{"start":{"line":405,"column":61},"end":{"line":428,"column":13}}]},"40":{"type":"branch","line":412,"loc":{"start":{"line":412,"column":45},"end":{"line":412,"column":54}},"locations":[{"start":{"line":412,"column":45},"end":{"line":412,"column":54}}]},"41":{"type":"branch","line":416,"loc":{"start":{"line":416,"column":51},"end":{"line":416,"column":60}},"locations":[{"start":{"line":416,"column":51},"end":{"line":416,"column":60}}]},"42":{"type":"branch","line":419,"loc":{"start":{"line":419,"column":71},"end":{"line":422,"column":21}},"locations":[{"start":{"line":419,"column":71},"end":{"line":422,"column":21}}]},"43":{"type":"branch","line":421,"loc":{"start":{"line":421,"column":70},"end":{"line":421,"column":84}},"locations":[{"start":{"line":421,"column":70},"end":{"line":421,"column":84}}]},"44":{"type":"branch","line":421,"loc":{"start":{"line":421,"column":79},"end":{"line":421,"column":91}},"locations":[{"start":{"line":421,"column":79},"end":{"line":421,"column":91}}]},"45":{"type":"branch","line":430,"loc":{"start":{"line":430,"column":60},"end":{"line":482,"column":13}},"locations":[{"start":{"line":430,"column":60},"end":{"line":482,"column":13}}]},"46":{"type":"branch","line":439,"loc":{"start":{"line":439,"column":42},"end":{"line":439,"column":51}},"locations":[{"start":{"line":439,"column":42},"end":{"line":439,"column":51}}]},"47":{"type":"branch","line":444,"loc":{"start":{"line":444,"column":48},"end":{"line":444,"column":57}},"locations":[{"start":{"line":444,"column":48},"end":{"line":444,"column":57}}]},"48":{"type":"branch","line":462,"loc":{"start":{"line":462,"column":33},"end":{"line":468,"column":29}},"locations":[{"start":{"line":462,"column":33},"end":{"line":468,"column":29}}]},"49":{"type":"branch","line":496,"loc":{"start":{"line":496,"column":31},"end":{"line":576,"column":1}},"locations":[{"start":{"line":496,"column":31},"end":{"line":576,"column":1}}]},"50":{"type":"branch","line":510,"loc":{"start":{"line":510,"column":8},"end":{"line":517,"column":10}},"locations":[{"start":{"line":510,"column":8},"end":{"line":517,"column":10}}]},"51":{"type":"branch","line":518,"loc":{"start":{"line":518,"column":8},"end":{"line":570,"column":9}},"locations":[{"start":{"line":518,"column":8},"end":{"line":570,"column":9}}]},"52":{"type":"branch","line":523,"loc":{"start":{"line":523,"column":92},"end":{"line":564,"column":17}},"locations":[{"start":{"line":523,"column":92},"end":{"line":564,"column":17}}]},"53":{"type":"branch","line":526,"loc":{"start":{"line":526,"column":40},"end":{"line":526,"column":49}},"locations":[{"start":{"line":526,"column":40},"end":{"line":526,"column":49}}]},"54":{"type":"branch","line":534,"loc":{"start":{"line":534,"column":34},"end":{"line":547,"column":21}},"locations":[{"start":{"line":534,"column":34},"end":{"line":547,"column":21}}]},"55":{"type":"branch","line":551,"loc":{"start":{"line":551,"column":70},"end":{"line":560,"column":25}},"locations":[{"start":{"line":551,"column":70},"end":{"line":560,"column":25}}]},"56":{"type":"branch","line":554,"loc":{"start":{"line":554,"column":40},"end":{"line":554,"column":54}},"locations":[{"start":{"line":554,"column":40},"end":{"line":554,"column":54}}]},"57":{"type":"branch","line":554,"loc":{"start":{"line":554,"column":49},"end":{"line":554,"column":57}},"locations":[{"start":{"line":554,"column":49},"end":{"line":554,"column":57}}]}},"b":{"0":[13],"1":[12],"2":[1],"3":[0],"4":[0],"5":[13],"6":[11],"7":[2],"8":[15],"9":[15],"10":[1],"11":[14],"12":[51],"13":[39],"14":[1],"15":[50],"16":[2],"17":[0],"18":[48],"19":[18],"20":[3],"21":[15],"22":[15],"23":[5],"24":[10],"25":[4],"26":[6],"27":[3],"28":[2],"29":[1],"30":[1],"31":[1],"32":[0],"33":[3],"34":[5],"35":[22],"36":[0],"37":[31],"38":[5],"39":[3],"40":[0],"41":[0],"42":[5],"43":[3],"44":[2],"45":[3],"46":[0],"47":[0],"48":[12],"49":[5],"50":[16],"51":[5],"52":[7],"53":[0],"54":[0],"55":[9],"56":[5],"57":[4]},"fnMap":{"0":{"name":"createStringFromCustomFilteredMapIfItIsNotEmptyAnEmptyStringIfItIs","decl":{"start":{"line":22,"column":75},"end":{"line":50,"column":1}},"loc":{"start":{"line":22,"column":75},"end":{"line":50,"column":1}},"line":22},"1":{"name":"createStringFromSafeListedMapIfItIsNotEmptyAnEmptyStringIfItIs","decl":{"start":{"line":52,"column":71},"end":{"line":61,"column":1}},"loc":{"start":{"line":52,"column":71},"end":{"line":61,"column":1}},"line":52},"2":{"name":"classNameFilterSorterFactory","decl":{"start":{"line":67,"column":37},"end":{"line":168,"column":1}},"loc":{"start":{"line":67,"column":37},"end":{"line":168,"column":1}},"line":67},"3":{"name":"isMap","decl":{"start":{"line":171,"column":0},"end":{"line":173,"column":1}},"loc":{"start":{"line":171,"column":0},"end":{"line":173,"column":1}},"line":171},"4":{"name":"isString","decl":{"start":{"line":175,"column":0},"end":{"line":177,"column":1}},"loc":{"start":{"line":175,"column":0},"end":{"line":177,"column":1}},"line":175},"5":{"name":"getClassNamesEvaluatorFilterAndSorter","decl":{"start":{"line":189,"column":4},"end":{"line":207,"column":9}},"loc":{"start":{"line":189,"column":4},"end":{"line":207,"column":9}},"line":189},"6":{"name":"cnEFS","decl":{"start":{"line":210,"column":21},"end":{"line":297,"column":1}},"loc":{"start":{"line":210,"column":21},"end":{"line":297,"column":1}},"line":210},"7":{"name":"classMapChanger","decl":{"start":{"line":216,"column":12},"end":{"line":227,"column":14}},"loc":{"start":{"line":216,"column":12},"end":{"line":227,"column":14}},"line":216},"8":{"name":"classMapToStringTransformer","decl":{"start":{"line":228,"column":12},"end":{"line":291,"column":13}},"loc":{"start":{"line":228,"column":12},"end":{"line":291,"column":13}},"line":228},"9":{"name":"tailwindOrWindiCN_EFS","decl":{"start":{"line":301,"column":37},"end":{"line":493,"column":1}},"loc":{"start":{"line":301,"column":37},"end":{"line":493,"column":1}},"line":301},"10":{"name":"classMapChanger","decl":{"start":{"line":367,"column":8},"end":{"line":401,"column":10}},"loc":{"start":{"line":367,"column":8},"end":{"line":401,"column":10}},"line":367},"11":{"name":"classMapToStringTransformer","decl":{"start":{"line":402,"column":8},"end":{"line":487,"column":10}},"loc":{"start":{"line":402,"column":8},"end":{"line":487,"column":10}},"line":402},"12":{"name":"bootstrapCN_EFS","decl":{"start":{"line":496,"column":31},"end":{"line":576,"column":1}},"loc":{"start":{"line":496,"column":31},"end":{"line":576,"column":1}},"line":496},"13":{"name":"classMapChanger","decl":{"start":{"line":510,"column":8},"end":{"line":517,"column":10}},"loc":{"start":{"line":510,"column":8},"end":{"line":517,"column":10}},"line":510},"14":{"name":"classMapToStringTransformer","decl":{"start":{"line":518,"column":8},"end":{"line":570,"column":9}},"loc":{"start":{"line":518,"column":8},"end":{"line":570,"column":9}},"line":518}},"f":{"0":13,"1":13,"2":15,"3":18,"4":3,"5":15,"6":5,"7":10,"8":3,"9":5,"10":22,"11":5,"12":5,"13":16,"14":5}}
}
